{"/home/travis/build/npmtest/node-npmtest-sendgrid/test.js":{"path":"/home/travis/build/npmtest/node-npmtest-sendgrid/test.js","s":{"1":2,"2":2,"3":2,"4":2,"5":2,"6":2,"7":2,"8":1,"9":2,"10":2,"11":1,"12":1,"13":1,"14":1,"15":2,"16":2,"17":2,"18":2,"19":1,"20":1,"21":2,"22":2,"23":2,"24":1,"25":1,"26":1,"27":1,"28":1,"29":1,"30":1,"31":1,"32":1,"33":1,"34":1,"35":1,"36":1,"37":1,"38":1,"39":2,"40":2,"41":1,"42":2,"43":2,"44":1,"45":2,"46":2,"47":1,"48":2,"49":2,"50":1,"51":1,"52":1,"53":1,"54":1},"b":{"1":[2,1,1,1],"2":[1,1,1,1],"3":[1,1],"4":[1,1],"5":[1,1],"6":[1,1],"7":[1,1],"8":[1,1],"9":[1,1],"10":[1,1,1],"11":[1,1],"12":[1,1],"13":[1,1],"14":[1,1],"15":[1,1],"16":[1,1],"17":[1,1]},"f":{"1":2,"2":2,"3":2,"4":2,"5":2,"6":1,"7":1,"8":1,"9":2,"10":2,"11":2,"12":2,"13":1},"fnMap":{"1":{"name":"(anonymous_1)","line":12,"loc":{"start":{"line":12,"column":1},"end":{"line":12,"column":13}}},"2":{"name":"(anonymous_2)","line":19,"loc":{"start":{"line":19,"column":5},"end":{"line":19,"column":17}}},"3":{"name":"(anonymous_3)","line":23,"loc":{"start":{"line":23,"column":24},"end":{"line":23,"column":36}}},"4":{"name":"(anonymous_4)","line":61,"loc":{"start":{"line":61,"column":5},"end":{"line":61,"column":17}}},"5":{"name":"(anonymous_5)","line":82,"loc":{"start":{"line":82,"column":5},"end":{"line":82,"column":17}}},"6":{"name":"(anonymous_6)","line":91,"loc":{"start":{"line":91,"column":77},"end":{"line":94,"column":10}}},"7":{"name":"(anonymous_7)","line":112,"loc":{"start":{"line":112,"column":83},"end":{"line":115,"column":10}},"skip":true},"8":{"name":"(anonymous_8)","line":123,"loc":{"start":{"line":123,"column":77},"end":{"line":126,"column":10}},"skip":true},"9":{"name":"(anonymous_9)","line":139,"loc":{"start":{"line":139,"column":12},"end":{"line":139,"column":40}},"skip":true},"10":{"name":"(anonymous_10)","line":147,"loc":{"start":{"line":147,"column":77},"end":{"line":150,"column":10}},"skip":true},"11":{"name":"(anonymous_11)","line":158,"loc":{"start":{"line":158,"column":83},"end":{"line":161,"column":10}},"skip":true},"12":{"name":"(anonymous_12)","line":169,"loc":{"start":{"line":169,"column":79},"end":{"line":172,"column":10}},"skip":true},"13":{"name":"(anonymous_13)","line":180,"loc":{"start":{"line":180,"column":75},"end":{"line":183,"column":10}},"skip":true}},"statementMap":{"1":{"start":{"line":12,"column":0},"end":{"line":195,"column":5}},"2":{"start":{"line":14,"column":4},"end":{"line":14,"column":14}},"3":{"start":{"line":19,"column":4},"end":{"line":56,"column":9}},"4":{"start":{"line":21,"column":8},"end":{"line":21,"column":19}},"5":{"start":{"line":23,"column":8},"end":{"line":35,"column":13}},"6":{"start":{"line":24,"column":12},"end":{"line":34,"column":13}},"7":{"start":{"line":25,"column":16},"end":{"line":28,"column":30}},"8":{"start":{"line":30,"column":16},"end":{"line":33,"column":27}},"9":{"start":{"line":37,"column":8},"end":{"line":39,"column":21}},"10":{"start":{"line":40,"column":8},"end":{"line":53,"column":9}},"11":{"start":{"line":43,"column":12},"end":{"line":46,"column":14}},"12":{"start":{"line":47,"column":12},"end":{"line":47,"column":18}},"13":{"start":{"line":50,"column":12},"end":{"line":51,"column":46}},"14":{"start":{"line":52,"column":12},"end":{"line":52,"column":18}},"15":{"start":{"line":55,"column":8},"end":{"line":55,"column":35}},"16":{"start":{"line":61,"column":4},"end":{"line":63,"column":9}},"17":{"start":{"line":62,"column":8},"end":{"line":62,"column":15}},"18":{"start":{"line":64,"column":4},"end":{"line":77,"column":5}},"19":{"start":{"line":70,"column":8},"end":{"line":70,"column":14}},"20":{"start":{"line":76,"column":8},"end":{"line":76,"column":14}},"21":{"start":{"line":82,"column":4},"end":{"line":84,"column":9}},"22":{"start":{"line":83,"column":8},"end":{"line":83,"column":15}},"23":{"start":{"line":85,"column":4},"end":{"line":194,"column":5}},"24":{"start":{"line":91,"column":8},"end":{"line":99,"column":10}},"25":{"start":{"line":98,"column":12},"end":{"line":98,"column":35}},"26":{"start":{"line":102,"column":8},"end":{"line":104,"column":63}},"27":{"start":{"line":105,"column":8},"end":{"line":105,"column":14}},"28":{"start":{"line":112,"column":8},"end":{"line":121,"column":10},"skip":true},"29":{"start":{"line":119,"column":12},"end":{"line":119,"column":55},"skip":true},"30":{"start":{"line":120,"column":12},"end":{"line":120,"column":48},"skip":true},"31":{"start":{"line":123,"column":8},"end":{"line":136,"column":10},"skip":true},"32":{"start":{"line":130,"column":12},"end":{"line":130,"column":76},"skip":true},"33":{"start":{"line":131,"column":12},"end":{"line":131,"column":73},"skip":true},"34":{"start":{"line":132,"column":12},"end":{"line":132,"column":74},"skip":true},"35":{"start":{"line":133,"column":12},"end":{"line":133,"column":79},"skip":true},"36":{"start":{"line":134,"column":12},"end":{"line":134,"column":25},"skip":true},"37":{"start":{"line":135,"column":12},"end":{"line":135,"column":45},"skip":true},"38":{"start":{"line":138,"column":8},"end":{"line":145,"column":14},"skip":true},"39":{"start":{"line":143,"column":16},"end":{"line":143,"column":29},"skip":true},"40":{"start":{"line":144,"column":16},"end":{"line":144,"column":55},"skip":true},"41":{"start":{"line":147,"column":8},"end":{"line":156,"column":10},"skip":true},"42":{"start":{"line":154,"column":12},"end":{"line":154,"column":25},"skip":true},"43":{"start":{"line":155,"column":12},"end":{"line":155,"column":45},"skip":true},"44":{"start":{"line":158,"column":8},"end":{"line":167,"column":10},"skip":true},"45":{"start":{"line":165,"column":12},"end":{"line":165,"column":25},"skip":true},"46":{"start":{"line":166,"column":12},"end":{"line":166,"column":48},"skip":true},"47":{"start":{"line":169,"column":8},"end":{"line":178,"column":10},"skip":true},"48":{"start":{"line":176,"column":12},"end":{"line":176,"column":25},"skip":true},"49":{"start":{"line":177,"column":12},"end":{"line":177,"column":46},"skip":true},"50":{"start":{"line":180,"column":8},"end":{"line":189,"column":10},"skip":true},"51":{"start":{"line":187,"column":12},"end":{"line":187,"column":94},"skip":true},"52":{"start":{"line":188,"column":12},"end":{"line":188,"column":48},"skip":true},"53":{"start":{"line":192,"column":8},"end":{"line":192,"column":35},"skip":true},"54":{"start":{"line":193,"column":8},"end":{"line":193,"column":14},"skip":true}},"branchMap":{"1":{"line":25,"type":"binary-expr","locations":[{"start":{"line":25,"column":23},"end":{"line":25,"column":62}},{"start":{"line":26,"column":20},"end":{"line":26,"column":70}},{"start":{"line":27,"column":20},"end":{"line":27,"column":71}},{"start":{"line":28,"column":20},"end":{"line":28,"column":29}}]},"2":{"line":30,"type":"binary-expr","locations":[{"start":{"line":30,"column":23},"end":{"line":30,"column":37}},{"start":{"line":31,"column":20},"end":{"line":31,"column":61}},{"start":{"line":32,"column":20},"end":{"line":32,"column":70}},{"start":{"line":33,"column":20},"end":{"line":33,"column":26}}]},"3":{"line":37,"type":"cond-expr","locations":[{"start":{"line":38,"column":14},"end":{"line":38,"column":20}},{"start":{"line":39,"column":14},"end":{"line":39,"column":20}}]},"4":{"line":40,"type":"switch","locations":[{"start":{"line":42,"column":8},"end":{"line":47,"column":18}},{"start":{"line":49,"column":8},"end":{"line":52,"column":18}}]},"5":{"line":44,"type":"binary-expr","locations":[{"start":{"line":44,"column":16},"end":{"line":44,"column":44}},{"start":{"line":44,"column":48},"end":{"line":44,"column":66}}]},"6":{"line":50,"type":"binary-expr","locations":[{"start":{"line":50,"column":21},"end":{"line":50,"column":49}},{"start":{"line":50,"column":53},"end":{"line":50,"column":72}}]},"7":{"line":64,"type":"switch","locations":[{"start":{"line":69,"column":4},"end":{"line":70,"column":14}},{"start":{"line":75,"column":4},"end":{"line":76,"column":14}}]},"8":{"line":85,"type":"switch","locations":[{"start":{"line":90,"column":4},"end":{"line":105,"column":14}},{"start":{"line":111,"column":4},"end":{"line":193,"column":14},"skip":true}]},"9":{"line":91,"type":"binary-expr","locations":[{"start":{"line":91,"column":42},"end":{"line":91,"column":73}},{"start":{"line":91,"column":77},"end":{"line":99,"column":9}}]},"10":{"line":102,"type":"binary-expr","locations":[{"start":{"line":102,"column":18},"end":{"line":102,"column":32}},{"start":{"line":103,"column":12},"end":{"line":103,"column":53}},{"start":{"line":104,"column":12},"end":{"line":104,"column":61}}]},"11":{"line":112,"type":"binary-expr","locations":[{"start":{"line":112,"column":45},"end":{"line":112,"column":79},"skip":true},{"start":{"line":112,"column":83},"end":{"line":121,"column":9},"skip":true}]},"12":{"line":123,"type":"binary-expr","locations":[{"start":{"line":123,"column":42},"end":{"line":123,"column":73},"skip":true},{"start":{"line":123,"column":77},"end":{"line":136,"column":9},"skip":true}]},"13":{"line":138,"type":"binary-expr","locations":[{"start":{"line":138,"column":48},"end":{"line":138,"column":85},"skip":true},{"start":{"line":139,"column":12},"end":{"line":145,"column":13},"skip":true}]},"14":{"line":147,"type":"binary-expr","locations":[{"start":{"line":147,"column":42},"end":{"line":147,"column":73},"skip":true},{"start":{"line":147,"column":77},"end":{"line":156,"column":9},"skip":true}]},"15":{"line":158,"type":"binary-expr","locations":[{"start":{"line":158,"column":45},"end":{"line":158,"column":79},"skip":true},{"start":{"line":158,"column":83},"end":{"line":167,"column":9},"skip":true}]},"16":{"line":169,"type":"binary-expr","locations":[{"start":{"line":169,"column":43},"end":{"line":169,"column":75},"skip":true},{"start":{"line":169,"column":79},"end":{"line":178,"column":9},"skip":true}]},"17":{"line":180,"type":"binary-expr","locations":[{"start":{"line":180,"column":41},"end":{"line":180,"column":71},"skip":true},{"start":{"line":180,"column":75},"end":{"line":189,"column":9},"skip":true}]}},"code":["/* istanbul instrument in package npmtest_sendgrid */","/*jslint","    bitwise: true,","    browser: true,","    maxerr: 8,","    maxlen: 96,","    node: true,","    nomen: true,","    regexp: true,","    stupid: true","*/","(function () {","    'use strict';","    var local;","","","","    // run shared js-env code - pre-init","    (function () {","        // init local","        local = {};","        // init modeJs","        local.modeJs = (function () {","            try {","                return typeof navigator.userAgent === 'string' &&","                    typeof document.querySelector('body') === 'object' &&","                    typeof XMLHttpRequest.prototype.open === 'function' &&","                    'browser';","            } catch (errorCaughtBrowser) {","                return module.exports &&","                    typeof process.versions.node === 'string' &&","                    typeof require('http').createServer === 'function' &&","                    'node';","            }","        }());","        // init global","        local.global = local.modeJs === 'browser'","            ? window","            : global;","        switch (local.modeJs) {","        // re-init local from window.local","        case 'browser':","            local = local.global.utility2.objectSetDefault(","                local.global.utility2_rollup || local.global.local,","                local.global.utility2","            );","            break;","        // re-init local from example.js","        case 'node':","            local = (local.global.utility2_rollup || require('utility2'))","                .requireExampleJsFromReadme();","            break;","        }","        // export local","        local.global.local = local;","    }());","","","","    // run shared js-env code - function","    (function () {","        return;","    }());","    switch (local.modeJs) {","","","","    // run browser js-env code - function","    case 'browser':","        break;","","","","    // run node js-env code - function","    case 'node':","        break;","    }","","","","    // run shared js-env code - post-init","    (function () {","        return;","    }());","    switch (local.modeJs) {","","","","    // run browser js-env code - post-init","    case 'browser':","        local.testCase_browser_nullCase = local.testCase_browser_nullCase || function (","            options,","            onError","        ) {","        /*","         * this function will test browsers's null-case handling-behavior-behavior","         */","            onError(null, options);","        };","","        // run tests","        local.nop(local.modeTest &&","            document.querySelector('#testRunButton1') &&","            document.querySelector('#testRunButton1').click());","        break;","","","","    // run node js-env code - post-init","    /* istanbul ignore next */","    case 'node':","        local.testCase_buildApidoc_default = local.testCase_buildApidoc_default || function (","            options,","            onError","        ) {","        /*","         * this function will test buildApidoc's default handling-behavior-behavior","         */","            options = { modulePathList: module.paths };","            local.buildApidoc(options, onError);","        };","","        local.testCase_buildApp_default = local.testCase_buildApp_default || function (","            options,","            onError","        ) {","        /*","         * this function will test buildApp's default handling-behavior-behavior","         */","            local.testCase_buildReadme_default(options, local.onErrorThrow);","            local.testCase_buildLib_default(options, local.onErrorThrow);","            local.testCase_buildTest_default(options, local.onErrorThrow);","            local.testCase_buildCustomOrg_default(options, local.onErrorThrow);","            options = [];","            local.buildApp(options, onError);","        };","","        local.testCase_buildCustomOrg_default = local.testCase_buildCustomOrg_default ||","            function (options, onError) {","            /*","             * this function will test buildCustomOrg's default handling-behavior","             */","                options = {};","                local.buildCustomOrg(options, onError);","            };","","        local.testCase_buildLib_default = local.testCase_buildLib_default || function (","            options,","            onError","        ) {","        /*","         * this function will test buildLib's default handling-behavior","         */","            options = {};","            local.buildLib(options, onError);","        };","","        local.testCase_buildReadme_default = local.testCase_buildReadme_default || function (","            options,","            onError","        ) {","        /*","         * this function will test buildReadme's default handling-behavior-behavior","         */","            options = {};","            local.buildReadme(options, onError);","        };","","        local.testCase_buildTest_default = local.testCase_buildTest_default || function (","            options,","            onError","        ) {","        /*","         * this function will test buildTest's default handling-behavior","         */","            options = {};","            local.buildTest(options, onError);","        };","","        local.testCase_webpage_default = local.testCase_webpage_default || function (","            options,","            onError","        ) {","        /*","         * this function will test webpage's default handling-behavior","         */","            options = { modeCoverageMerge: true, url: local.serverLocalHost + '?modeTest=1' };","            local.browserTest(options, onError);","        };","","        // run test-server","        local.testRunServer(local);","        break;","    }","}());",""],"l":{"12":2,"14":2,"19":2,"21":2,"23":2,"24":2,"25":2,"30":1,"37":2,"40":2,"43":1,"47":1,"50":1,"52":1,"55":2,"61":2,"62":2,"64":2,"70":1,"76":1,"82":2,"83":2,"85":2,"91":1,"98":1,"102":1,"105":1,"112":1,"119":1,"120":1,"123":1,"130":1,"131":1,"132":1,"133":1,"134":1,"135":1,"138":1,"143":2,"144":2,"147":1,"154":2,"155":2,"158":1,"165":2,"166":2,"169":1,"176":2,"177":2,"180":1,"187":1,"188":1,"192":1,"193":1}},"/home/travis/build/npmtest/node-npmtest-sendgrid/lib.npmtest_sendgrid.js":{"path":"/home/travis/build/npmtest/node-npmtest-sendgrid/lib.npmtest_sendgrid.js","s":{"1":2,"2":2,"3":2,"4":2,"5":2,"6":2,"7":2,"8":1,"9":2,"10":2,"11":2,"12":2,"13":1,"14":1,"15":1,"16":1},"b":{"1":[2,1,1,1],"2":[1,1,1,1],"3":[1,1],"4":[2,2],"5":[1,1]},"f":{"1":2,"2":2,"3":2},"fnMap":{"1":{"name":"(anonymous_1)","line":12,"loc":{"start":{"line":12,"column":1},"end":{"line":12,"column":13}}},"2":{"name":"(anonymous_2)","line":19,"loc":{"start":{"line":19,"column":5},"end":{"line":19,"column":17}}},"3":{"name":"(anonymous_3)","line":23,"loc":{"start":{"line":23,"column":24},"end":{"line":23,"column":36}}}},"statementMap":{"1":{"start":{"line":12,"column":0},"end":{"line":53,"column":5}},"2":{"start":{"line":14,"column":4},"end":{"line":14,"column":14}},"3":{"start":{"line":19,"column":4},"end":{"line":52,"column":9}},"4":{"start":{"line":21,"column":8},"end":{"line":21,"column":19}},"5":{"start":{"line":23,"column":8},"end":{"line":35,"column":13}},"6":{"start":{"line":24,"column":12},"end":{"line":34,"column":13}},"7":{"start":{"line":25,"column":16},"end":{"line":28,"column":30}},"8":{"start":{"line":30,"column":16},"end":{"line":33,"column":27}},"9":{"start":{"line":37,"column":8},"end":{"line":39,"column":21}},"10":{"start":{"line":41,"column":8},"end":{"line":41,"column":54}},"11":{"start":{"line":43,"column":8},"end":{"line":43,"column":53}},"12":{"start":{"line":45,"column":8},"end":{"line":51,"column":9}},"13":{"start":{"line":46,"column":12},"end":{"line":46,"column":59}},"14":{"start":{"line":48,"column":12},"end":{"line":48,"column":35}},"15":{"start":{"line":49,"column":12},"end":{"line":49,"column":49}},"16":{"start":{"line":50,"column":12},"end":{"line":50,"column":43}}},"branchMap":{"1":{"line":25,"type":"binary-expr","locations":[{"start":{"line":25,"column":23},"end":{"line":25,"column":62}},{"start":{"line":26,"column":20},"end":{"line":26,"column":70}},{"start":{"line":27,"column":20},"end":{"line":27,"column":71}},{"start":{"line":28,"column":20},"end":{"line":28,"column":29}}]},"2":{"line":30,"type":"binary-expr","locations":[{"start":{"line":30,"column":23},"end":{"line":30,"column":37}},{"start":{"line":31,"column":20},"end":{"line":31,"column":61}},{"start":{"line":32,"column":20},"end":{"line":32,"column":70}},{"start":{"line":33,"column":20},"end":{"line":33,"column":26}}]},"3":{"line":37,"type":"cond-expr","locations":[{"start":{"line":38,"column":14},"end":{"line":38,"column":20}},{"start":{"line":39,"column":14},"end":{"line":39,"column":20}}]},"4":{"line":41,"type":"binary-expr","locations":[{"start":{"line":41,"column":16},"end":{"line":41,"column":44}},{"start":{"line":41,"column":48},"end":{"line":41,"column":53}}]},"5":{"line":45,"type":"if","locations":[{"start":{"line":45,"column":8},"end":{"line":45,"column":8}},{"start":{"line":45,"column":8},"end":{"line":45,"column":8}}]}},"code":["/* istanbul instrument in package npmtest_sendgrid */","/*jslint","    bitwise: true,","    browser: true,","    maxerr: 8,","    maxlen: 96,","    node: true,","    nomen: true,","    regexp: true,","    stupid: true","*/","(function () {","    'use strict';","    var local;","","","","    // run shared js-env code - pre-init","    (function () {","        // init local","        local = {};","        // init modeJs","        local.modeJs = (function () {","            try {","                return typeof navigator.userAgent === 'string' &&","                    typeof document.querySelector('body') === 'object' &&","                    typeof XMLHttpRequest.prototype.open === 'function' &&","                    'browser';","            } catch (errorCaughtBrowser) {","                return module.exports &&","                    typeof process.versions.node === 'string' &&","                    typeof require('http').createServer === 'function' &&","                    'node';","            }","        }());","        // init global","        local.global = local.modeJs === 'browser'","            ? window","            : global;","        // init utility2_rollup","        local = local.global.utility2_rollup || local;","        // init lib","        local.local = local.npmtest_sendgrid = local;","        // init exports","        if (local.modeJs === 'browser') {","            local.global.utility2_npmtest_sendgrid = local;","        } else {","            module.exports = local;","            module.exports.__dirname = __dirname;","            module.exports.module = module;","        }","    }());","}());",""],"l":{"12":2,"14":2,"19":2,"21":2,"23":2,"24":2,"25":2,"30":1,"37":2,"41":2,"43":2,"45":2,"46":1,"48":1,"49":1,"50":1}},"/home/travis/build/npmtest/node-npmtest-sendgrid/example.js":{"path":"/home/travis/build/npmtest/node-npmtest-sendgrid/example.js","s":{"1":2,"2":2,"3":2,"4":2,"5":2,"6":2,"7":2,"8":1,"9":2,"10":2,"11":2,"12":2,"13":1,"14":2,"15":2,"16":2,"17":2,"18":2,"19":0,"20":2,"21":1,"22":1,"23":1,"24":1,"25":1,"26":0,"27":0,"28":1,"29":1,"30":2,"31":0,"32":0,"33":0,"34":1,"35":2,"36":2,"37":3,"38":3,"39":3,"40":3,"41":0,"42":3,"43":3,"44":3,"45":1,"46":3,"47":1,"48":1,"49":1,"50":1,"51":1,"52":1,"53":1,"54":1,"55":1,"56":1,"57":0,"58":1,"59":6,"60":6,"61":1,"62":2,"63":0,"64":2,"65":1,"66":1,"67":0,"68":0,"69":0,"70":0,"71":0,"72":0,"73":0,"74":0,"75":0,"76":0,"77":0,"78":0,"79":0,"80":0,"81":0,"82":0,"83":0},"b":{"1":[2,1,1,1],"2":[1,1,1,1],"3":[1,1],"4":[2,2],"5":[1,1],"6":[1,1],"7":[2,0],"8":[2,1,1,1,1,1],"9":[0,2,0],"10":[1,1],"11":[2,1,1],"12":[1,0],"13":[0,2],"14":[2,0,0,0,0,0,0],"15":[0,3],"16":[3,0],"17":[1,1],"18":[0,1],"19":[1,2,0,2],"20":[1,0],"21":[1,1],"22":[0,0],"23":[0,0],"24":[0,0],"25":[0,0],"26":[0,0],"27":[0,0],"28":[0,0]},"f":{"1":2,"2":2,"3":2,"4":2,"5":2,"6":2,"7":3,"8":3,"9":3,"10":1,"11":6,"12":0},"fnMap":{"1":{"name":"(anonymous_1)","line":26,"loc":{"start":{"line":26,"column":1},"end":{"line":26,"column":13}}},"2":{"name":"(anonymous_2)","line":33,"loc":{"start":{"line":33,"column":5},"end":{"line":33,"column":17}}},"3":{"name":"(anonymous_3)","line":37,"loc":{"start":{"line":37,"column":24},"end":{"line":37,"column":36}}},"4":{"name":"(anonymous_4)","line":69,"loc":{"start":{"line":69,"column":31},"end":{"line":69,"column":48}},"skip":true},"5":{"name":"(anonymous_5)","line":78,"loc":{"start":{"line":78,"column":26},"end":{"line":78,"column":45}},"skip":true},"6":{"name":"(anonymous_6)","line":123,"loc":{"start":{"line":123,"column":33},"end":{"line":123,"column":48}},"skip":true},"7":{"name":"(anonymous_7)","line":125,"loc":{"start":{"line":125,"column":27},"end":{"line":125,"column":39}},"skip":true},"8":{"name":"(anonymous_8)","line":133,"loc":{"start":{"line":133,"column":59},"end":{"line":133,"column":74}},"skip":true},"9":{"name":"(anonymous_9)","line":143,"loc":{"start":{"line":143,"column":45},"end":{"line":143,"column":62}},"skip":true},"10":{"name":"(anonymous_10)","line":144,"loc":{"start":{"line":144,"column":73},"end":{"line":144,"column":92}},"skip":true},"11":{"name":"(anonymous_11)","line":272,"loc":{"start":{"line":272,"column":51},"end":{"line":272,"column":77}},"skip":true},"12":{"name":"(anonymous_12)","line":315,"loc":{"start":{"line":315,"column":32},"end":{"line":315,"column":61}},"skip":true}},"statementMap":{"1":{"start":{"line":26,"column":0},"end":{"line":326,"column":5}},"2":{"start":{"line":28,"column":4},"end":{"line":28,"column":14}},"3":{"start":{"line":33,"column":4},"end":{"line":60,"column":9}},"4":{"start":{"line":35,"column":8},"end":{"line":35,"column":19}},"5":{"start":{"line":37,"column":8},"end":{"line":49,"column":13}},"6":{"start":{"line":38,"column":12},"end":{"line":48,"column":13}},"7":{"start":{"line":39,"column":16},"end":{"line":42,"column":30}},"8":{"start":{"line":44,"column":16},"end":{"line":47,"column":27}},"9":{"start":{"line":51,"column":8},"end":{"line":53,"column":21}},"10":{"start":{"line":55,"column":8},"end":{"line":57,"column":45}},"11":{"start":{"line":59,"column":8},"end":{"line":59,"column":35}},"12":{"start":{"line":61,"column":4},"end":{"line":325,"column":5}},"13":{"start":{"line":69,"column":8},"end":{"line":121,"column":10},"skip":true},"14":{"start":{"line":70,"column":12},"end":{"line":88,"column":13},"skip":true},"15":{"start":{"line":76,"column":16},"end":{"line":87,"column":19},"skip":true},"16":{"start":{"line":79,"column":20},"end":{"line":86,"column":21},"skip":true},"17":{"start":{"line":82,"column":24},"end":{"line":82,"column":43},"skip":true},"18":{"start":{"line":83,"column":24},"end":{"line":83,"column":30},"skip":true},"19":{"start":{"line":85,"column":24},"end":{"line":85,"column":49},"skip":true},"20":{"start":{"line":89,"column":12},"end":{"line":107,"column":13},"skip":true},"21":{"start":{"line":92,"column":16},"end":{"line":102,"column":17},"skip":true},"22":{"start":{"line":93,"column":20},"end":{"line":93,"column":86},"skip":true},"23":{"start":{"line":94,"column":20},"end":{"line":95,"column":45},"skip":true},"24":{"start":{"line":96,"column":20},"end":{"line":96,"column":42},"skip":true},"25":{"start":{"line":97,"column":20},"end":{"line":97,"column":48},"skip":true},"26":{"start":{"line":100,"column":20},"end":{"line":100,"column":85},"skip":true},"27":{"start":{"line":101,"column":20},"end":{"line":101,"column":96},"skip":true},"28":{"start":{"line":103,"column":16},"end":{"line":103,"column":22},"skip":true},"29":{"start":{"line":106,"column":16},"end":{"line":106,"column":22},"skip":true},"30":{"start":{"line":108,"column":12},"end":{"line":120,"column":13},"skip":true},"31":{"start":{"line":114,"column":16},"end":{"line":119,"column":17},"skip":true},"32":{"start":{"line":116,"column":20},"end":{"line":116,"column":78},"skip":true},"33":{"start":{"line":118,"column":20},"end":{"line":118,"column":47},"skip":true},"34":{"start":{"line":123,"column":8},"end":{"line":141,"column":11},"skip":true},"35":{"start":{"line":124,"column":12},"end":{"line":124,"column":54},"skip":true},"36":{"start":{"line":125,"column":12},"end":{"line":140,"column":14},"skip":true},"37":{"start":{"line":126,"column":16},"end":{"line":126,"column":28},"skip":true},"38":{"start":{"line":127,"column":16},"end":{"line":127,"column":69},"skip":true},"39":{"start":{"line":128,"column":16},"end":{"line":128,"column":75},"skip":true},"40":{"start":{"line":129,"column":16},"end":{"line":131,"column":17},"skip":true},"41":{"start":{"line":130,"column":20},"end":{"line":130,"column":27},"skip":true},"42":{"start":{"line":133,"column":16},"end":{"line":137,"column":36},"skip":true},"43":{"start":{"line":134,"column":20},"end":{"line":136,"column":55},"skip":true},"44":{"start":{"line":139,"column":16},"end":{"line":139,"column":57},"skip":true},"45":{"start":{"line":143,"column":8},"end":{"line":147,"column":11},"skip":true},"46":{"start":{"line":144,"column":12},"end":{"line":146,"column":15},"skip":true},"47":{"start":{"line":145,"column":16},"end":{"line":145,"column":70},"skip":true},"48":{"start":{"line":149,"column":8},"end":{"line":149,"column":31},"skip":true},"49":{"start":{"line":150,"column":8},"end":{"line":150,"column":14},"skip":true},"50":{"start":{"line":158,"column":8},"end":{"line":158,"column":31},"skip":true},"51":{"start":{"line":160,"column":8},"end":{"line":160,"column":33},"skip":true},"52":{"start":{"line":161,"column":8},"end":{"line":161,"column":37},"skip":true},"53":{"start":{"line":162,"column":8},"end":{"line":162,"column":35},"skip":true},"54":{"start":{"line":164,"column":8},"end":{"line":164,"column":50},"skip":true},"55":{"start":{"line":166,"column":8},"end":{"line":256,"column":2},"skip":true},"56":{"start":{"line":258,"column":8},"end":{"line":286,"column":9},"skip":true},"57":{"start":{"line":259,"column":12},"end":{"line":269,"column":14},"skip":true},"58":{"start":{"line":271,"column":12},"end":{"line":285,"column":19},"skip":true},"59":{"start":{"line":274,"column":20},"end":{"line":274,"column":35},"skip":true},"60":{"start":{"line":275,"column":20},"end":{"line":284,"column":21},"skip":true},"61":{"start":{"line":277,"column":24},"end":{"line":277,"column":64},"skip":true},"62":{"start":{"line":279,"column":24},"end":{"line":279,"column":40},"skip":true},"63":{"start":{"line":281,"column":24},"end":{"line":281,"column":40},"skip":true},"64":{"start":{"line":283,"column":24},"end":{"line":283,"column":39},"skip":true},"65":{"start":{"line":288,"column":8},"end":{"line":290,"column":9},"skip":true},"66":{"start":{"line":289,"column":12},"end":{"line":289,"column":18},"skip":true},"67":{"start":{"line":291,"column":8},"end":{"line":293,"column":54},"skip":true},"68":{"start":{"line":296,"column":8},"end":{"line":301,"column":37},"skip":true},"69":{"start":{"line":303,"column":8},"end":{"line":303,"column":82},"skip":true},"70":{"start":{"line":306,"column":8},"end":{"line":308,"column":9},"skip":true},"71":{"start":{"line":307,"column":12},"end":{"line":307,"column":82},"skip":true},"72":{"start":{"line":310,"column":8},"end":{"line":312,"column":9},"skip":true},"73":{"start":{"line":311,"column":12},"end":{"line":311,"column":18},"skip":true},"74":{"start":{"line":313,"column":8},"end":{"line":313,"column":54},"skip":true},"75":{"start":{"line":314,"column":8},"end":{"line":314,"column":69},"skip":true},"76":{"start":{"line":315,"column":8},"end":{"line":323,"column":36},"skip":true},"77":{"start":{"line":316,"column":12},"end":{"line":316,"column":61},"skip":true},"78":{"start":{"line":317,"column":12},"end":{"line":320,"column":13},"skip":true},"79":{"start":{"line":318,"column":16},"end":{"line":318,"column":75},"skip":true},"80":{"start":{"line":319,"column":16},"end":{"line":319,"column":23},"skip":true},"81":{"start":{"line":321,"column":12},"end":{"line":321,"column":38},"skip":true},"82":{"start":{"line":322,"column":12},"end":{"line":322,"column":27},"skip":true},"83":{"start":{"line":324,"column":8},"end":{"line":324,"column":14},"skip":true}},"branchMap":{"1":{"line":39,"type":"binary-expr","locations":[{"start":{"line":39,"column":23},"end":{"line":39,"column":62}},{"start":{"line":40,"column":20},"end":{"line":40,"column":70}},{"start":{"line":41,"column":20},"end":{"line":41,"column":71}},{"start":{"line":42,"column":20},"end":{"line":42,"column":29}}]},"2":{"line":44,"type":"binary-expr","locations":[{"start":{"line":44,"column":23},"end":{"line":44,"column":37}},{"start":{"line":45,"column":20},"end":{"line":45,"column":61}},{"start":{"line":46,"column":20},"end":{"line":46,"column":70}},{"start":{"line":47,"column":20},"end":{"line":47,"column":26}}]},"3":{"line":51,"type":"cond-expr","locations":[{"start":{"line":52,"column":14},"end":{"line":52,"column":20}},{"start":{"line":53,"column":14},"end":{"line":53,"column":20}}]},"4":{"line":55,"type":"binary-expr","locations":[{"start":{"line":55,"column":16},"end":{"line":55,"column":44}},{"start":{"line":55,"column":49},"end":{"line":57,"column":43}}]},"5":{"line":55,"type":"cond-expr","locations":[{"start":{"line":56,"column":14},"end":{"line":56,"column":52}},{"start":{"line":57,"column":14},"end":{"line":57,"column":43}}]},"6":{"line":61,"type":"switch","locations":[{"start":{"line":68,"column":4},"end":{"line":150,"column":14},"skip":true},{"start":{"line":156,"column":4},"end":{"line":324,"column":14},"skip":true}]},"7":{"line":70,"type":"if","locations":[{"start":{"line":70,"column":12},"end":{"line":70,"column":12},"skip":true},{"start":{"line":70,"column":12},"end":{"line":70,"column":12},"skip":true}]},"8":{"line":70,"type":"binary-expr","locations":[{"start":{"line":70,"column":16},"end":{"line":70,"column":22},"skip":true},{"start":{"line":70,"column":27},"end":{"line":70,"column":32},"skip":true},{"start":{"line":71,"column":20},"end":{"line":71,"column":39},"skip":true},{"start":{"line":72,"column":20},"end":{"line":72,"column":49},"skip":true},{"start":{"line":73,"column":20},"end":{"line":73,"column":58},"skip":true},{"start":{"line":74,"column":20},"end":{"line":74,"column":69},"skip":true}]},"9":{"line":79,"type":"switch","locations":[{"start":{"line":80,"column":20},"end":{"line":80,"column":33},"skip":true},{"start":{"line":81,"column":20},"end":{"line":83,"column":30},"skip":true},{"start":{"line":84,"column":20},"end":{"line":85,"column":49},"skip":true}]},"10":{"line":89,"type":"switch","locations":[{"start":{"line":90,"column":12},"end":{"line":103,"column":22},"skip":true},{"start":{"line":105,"column":12},"end":{"line":106,"column":22},"skip":true}]},"11":{"line":89,"type":"binary-expr","locations":[{"start":{"line":89,"column":20},"end":{"line":89,"column":25},"skip":true},{"start":{"line":89,"column":29},"end":{"line":89,"column":48},"skip":true},{"start":{"line":89,"column":52},"end":{"line":89,"column":74},"skip":true}]},"12":{"line":92,"type":"if","locations":[{"start":{"line":92,"column":16},"end":{"line":92,"column":16},"skip":true},{"start":{"line":92,"column":16},"end":{"line":92,"column":16},"skip":true}]},"13":{"line":108,"type":"if","locations":[{"start":{"line":108,"column":12},"end":{"line":108,"column":12},"skip":true},{"start":{"line":108,"column":12},"end":{"line":108,"column":12},"skip":true}]},"14":{"line":108,"type":"binary-expr","locations":[{"start":{"line":108,"column":16},"end":{"line":108,"column":61},"skip":true},{"start":{"line":108,"column":66},"end":{"line":108,"column":72},"skip":true},{"start":{"line":108,"column":77},"end":{"line":108,"column":82},"skip":true},{"start":{"line":109,"column":20},"end":{"line":109,"column":39},"skip":true},{"start":{"line":110,"column":20},"end":{"line":110,"column":49},"skip":true},{"start":{"line":111,"column":20},"end":{"line":111,"column":58},"skip":true},{"start":{"line":112,"column":20},"end":{"line":112,"column":68},"skip":true}]},"15":{"line":129,"type":"if","locations":[{"start":{"line":129,"column":16},"end":{"line":129,"column":16},"skip":true},{"start":{"line":129,"column":16},"end":{"line":129,"column":16},"skip":true}]},"16":{"line":134,"type":"cond-expr","locations":[{"start":{"line":135,"column":26},"end":{"line":135,"column":29},"skip":true},{"start":{"line":136,"column":26},"end":{"line":136,"column":54},"skip":true}]},"17":{"line":164,"type":"binary-expr","locations":[{"start":{"line":164,"column":27},"end":{"line":164,"column":43},"skip":true},{"start":{"line":164,"column":47},"end":{"line":164,"column":49},"skip":true}]},"18":{"line":258,"type":"if","locations":[{"start":{"line":258,"column":8},"end":{"line":258,"column":8},"skip":true},{"start":{"line":258,"column":8},"end":{"line":258,"column":8},"skip":true}]},"19":{"line":275,"type":"switch","locations":[{"start":{"line":276,"column":20},"end":{"line":277,"column":64},"skip":true},{"start":{"line":278,"column":20},"end":{"line":279,"column":40},"skip":true},{"start":{"line":280,"column":20},"end":{"line":281,"column":40},"skip":true},{"start":{"line":282,"column":20},"end":{"line":283,"column":39},"skip":true}]},"20":{"line":288,"type":"if","locations":[{"start":{"line":288,"column":8},"end":{"line":288,"column":8},"skip":true},{"start":{"line":288,"column":8},"end":{"line":288,"column":8},"skip":true}]},"21":{"line":288,"type":"binary-expr","locations":[{"start":{"line":288,"column":12},"end":{"line":288,"column":40},"skip":true},{"start":{"line":288,"column":44},"end":{"line":288,"column":67},"skip":true}]},"22":{"line":292,"type":"binary-expr","locations":[{"start":{"line":292,"column":12},"end":{"line":292,"column":50},"skip":true},{"start":{"line":293,"column":12},"end":{"line":293,"column":53},"skip":true}]},"23":{"line":297,"type":"binary-expr","locations":[{"start":{"line":297,"column":12},"end":{"line":297,"column":66},"skip":true},{"start":{"line":298,"column":12},"end":{"line":301,"column":36},"skip":true}]},"24":{"line":303,"type":"binary-expr","locations":[{"start":{"line":303,"column":43},"end":{"line":303,"column":75},"skip":true},{"start":{"line":303,"column":79},"end":{"line":303,"column":81},"skip":true}]},"25":{"line":306,"type":"if","locations":[{"start":{"line":306,"column":8},"end":{"line":306,"column":8},"skip":true},{"start":{"line":306,"column":8},"end":{"line":306,"column":8},"skip":true}]},"26":{"line":310,"type":"if","locations":[{"start":{"line":310,"column":8},"end":{"line":310,"column":8},"skip":true},{"start":{"line":310,"column":8},"end":{"line":310,"column":8},"skip":true}]},"27":{"line":313,"type":"binary-expr","locations":[{"start":{"line":313,"column":27},"end":{"line":313,"column":43},"skip":true},{"start":{"line":313,"column":47},"end":{"line":313,"column":53},"skip":true}]},"28":{"line":317,"type":"if","locations":[{"start":{"line":317,"column":12},"end":{"line":317,"column":12},"skip":true},{"start":{"line":317,"column":12},"end":{"line":317,"column":12},"skip":true}]}},"code":["/*","example.js","","quickstart example","","instruction","    1. save this script as example.js","    2. run the shell command:","        $ npm install npmtest-sendgrid && PORT=8081 node example.js","    3. play with the browser-demo on http://127.0.0.1:8081","*/","","","","/* istanbul instrument in package npmtest_sendgrid */","/*jslint","    bitwise: true,","    browser: true,","    maxerr: 8,","    maxlen: 96,","    node: true,","    nomen: true,","    regexp: true,","    stupid: true","*/","(function () {","    'use strict';","    var local;","","","","    // run shared js-env code - pre-init","    (function () {","        // init local","        local = {};","        // init modeJs","        local.modeJs = (function () {","            try {","                return typeof navigator.userAgent === 'string' &&","                    typeof document.querySelector('body') === 'object' &&","                    typeof XMLHttpRequest.prototype.open === 'function' &&","                    'browser';","            } catch (errorCaughtBrowser) {","                return module.exports &&","                    typeof process.versions.node === 'string' &&","                    typeof require('http').createServer === 'function' &&","                    'node';","            }","        }());","        // init global","        local.global = local.modeJs === 'browser'","            ? window","            : global;","        // init utility2_rollup","        local = local.global.utility2_rollup || (local.modeJs === 'browser'","            ? local.global.utility2_npmtest_sendgrid","            : global.utility2_moduleExports);","        // export local","        local.global.local = local;","    }());","    switch (local.modeJs) {","","","","    // post-init","    // run browser js-env code - post-init","    /* istanbul ignore next */","    case 'browser':","        local.testRunBrowser = function (event) {","            if (!event || (event &&","                    event.currentTarget &&","                    event.currentTarget.className &&","                    event.currentTarget.className.includes &&","                    event.currentTarget.className.includes('onreset'))) {","                // reset output","                Array.from(","                    document.querySelectorAll('body > .resettable')","                ).forEach(function (element) {","                    switch (element.tagName) {","                    case 'INPUT':","                    case 'TEXTAREA':","                        element.value = '';","                        break;","                    default:","                        element.textContent = '';","                    }","                });","            }","            switch (event && event.currentTarget && event.currentTarget.id) {","            case 'testRunButton1':","                // show tests","                if (document.querySelector('#testReportDiv1').style.display === 'none') {","                    document.querySelector('#testReportDiv1').style.display = 'block';","                    document.querySelector('#testRunButton1').textContent =","                        'hide internal test';","                    local.modeTest = true;","                    local.testRunDefault(local);","                // hide tests","                } else {","                    document.querySelector('#testReportDiv1').style.display = 'none';","                    document.querySelector('#testRunButton1').textContent = 'run internal test';","                }","                break;","            // custom-case","            default:","                break;","            }","            if (document.querySelector('#inputTextareaEval1') && (!event || (event &&","                    event.currentTarget &&","                    event.currentTarget.className &&","                    event.currentTarget.className.includes &&","                    event.currentTarget.className.includes('oneval')))) {","                // try to eval input-code","                try {","                    /*jslint evil: true*/","                    eval(document.querySelector('#inputTextareaEval1').value);","                } catch (errorCaught) {","                    console.error(errorCaught);","                }","            }","        };","        // log stderr and stdout to #outputTextareaStdout1","        ['error', 'log'].forEach(function (key) {","            console[key + '_original'] = console[key];","            console[key] = function () {","                var element;","                console[key + '_original'].apply(console, arguments);","                element = document.querySelector('#outputTextareaStdout1');","                if (!element) {","                    return;","                }","                // append text to #outputTextareaStdout1","                element.value += Array.from(arguments).map(function (arg) {","                    return typeof arg === 'string'","                        ? arg","                        : JSON.stringify(arg, null, 4);","                }).join(' ') + '\\n';","                // scroll textarea to bottom","                element.scrollTop = element.scrollHeight;","            };","        });","        // init event-handling","        ['change', 'click', 'keyup'].forEach(function (event) {","            Array.from(document.querySelectorAll('.on' + event)).forEach(function (element) {","                element.addEventListener(event, local.testRunBrowser);","            });","        });","        // run tests","        local.testRunBrowser();","        break;","","","","    // run node js-env code - post-init","    /* istanbul ignore next */","    case 'node':","        // export local","        module.exports = local;","        // require modules","        local.fs = require('fs');","        local.http = require('http');","        local.url = require('url');","        // init assets","        local.assetsDict = local.assetsDict || {};","        /* jslint-ignore-begin */","        local.assetsDict['/assets.index.template.html'] = '\\","<!doctype html>\\n\\","<html lang=\"en\">\\n\\","<head>\\n\\","<meta charset=\"UTF-8\">\\n\\","<meta name=\"viewport\" content=\"width=device-width, initial-scale=1\">\\n\\","<title>{{env.npm_package_name}} (v{{env.npm_package_version}})</title>\\n\\","<style>\\n\\","/*csslint\\n\\","    box-sizing: false,\\n\\","    universal-selector: false\\n\\","*/\\n\\","* {\\n\\","    box-sizing: border-box;\\n\\","}\\n\\","body {\\n\\","    background: #dde;\\n\\","    font-family: Arial, Helvetica, sans-serif;\\n\\","    margin: 2rem;\\n\\","}\\n\\","body > * {\\n\\","    margin-bottom: 1rem;\\n\\","}\\n\\",".utility2FooterDiv {\\n\\","    margin-top: 20px;\\n\\","    text-align: center;\\n\\","}\\n\\","</style>\\n\\","<style>\\n\\","/*csslint\\n\\","*/\\n\\","textarea {\\n\\","    font-family: monospace;\\n\\","    height: 10rem;\\n\\","    width: 100%;\\n\\","}\\n\\","textarea[readonly] {\\n\\","    background: #ddd;\\n\\","}\\n\\","</style>\\n\\","</head>\\n\\","<body>\\n\\","<!-- utility2-comment\\n\\","<div id=\"ajaxProgressDiv1\" style=\"background: #d00; height: 2px; left: 0; margin: 0; padding: 0; position: fixed; top: 0; transition: background 0.5s, width 1.5s; width: 25%;\"></div>\\n\\","utility2-comment -->\\n\\","<h1>\\n\\","<!-- utility2-comment\\n\\","    <a\\n\\","        {{#if env.npm_package_homepage}}\\n\\","        href=\"{{env.npm_package_homepage}}\"\\n\\","        {{/if env.npm_package_homepage}}\\n\\","        target=\"_blank\"\\n\\","    >\\n\\","utility2-comment -->\\n\\","        {{env.npm_package_name}} (v{{env.npm_package_version}})\\n\\","<!-- utility2-comment\\n\\","    </a>\\n\\","utility2-comment -->\\n\\","</h1>\\n\\","<h3>{{env.npm_package_description}}</h3>\\n\\","<!-- utility2-comment\\n\\","<h4><a download href=\"assets.app.js\">download standalone app</a></h4>\\n\\","<button class=\"onclick onreset\" id=\"testRunButton1\">run internal test</button><br>\\n\\","<div id=\"testReportDiv1\" style=\"display: none;\"></div>\\n\\","utility2-comment -->\\n\\","\\n\\","\\n\\","\\n\\","<label>stderr and stdout</label>\\n\\","<textarea class=\"resettable\" id=\"outputTextareaStdout1\" readonly></textarea>\\n\\","<!-- utility2-comment\\n\\","{{#if isRollup}}\\n\\","<script src=\"assets.app.js\"></script>\\n\\","{{#unless isRollup}}\\n\\","utility2-comment -->\\n\\","<script src=\"assets.utility2.rollup.js\"></script>\\n\\","<script src=\"jsonp.utility2._stateInit?callback=window.utility2._stateInit\"></script>\\n\\","<script src=\"assets.npmtest_sendgrid.rollup.js\"></script>\\n\\","<script src=\"assets.example.js\"></script>\\n\\","<script src=\"assets.test.js\"></script>\\n\\","<!-- utility2-comment\\n\\","{{/if isRollup}}\\n\\","utility2-comment -->\\n\\","<div class=\"utility2FooterDiv\">\\n\\","    [ this app was created with\\n\\","    <a href=\"https://github.com/kaizhu256/node-utility2\" target=\"_blank\">utility2</a>\\n\\","    ]\\n\\","</div>\\n\\","</body>\\n\\","</html>\\n\\","';","        /* jslint-ignore-end */","        if (local.templateRender) {","            local.assetsDict['/'] = local.templateRender(","                local.assetsDict['/assets.index.template.html'],","                {","                    env: local.objectSetDefault(local.env, {","                        npm_package_description: 'the greatest app in the world!',","                        npm_package_name: 'my-app',","                        npm_package_nameAlias: 'my_app',","                        npm_package_version: '0.0.1'","                    })","                }","            );","        } else {","            local.assetsDict['/'] = local.assetsDict['/assets.index.template.html']","                .replace((/\\{\\{env\\.(\\w+?)\\}\\}/g), function (match0, match1) {","                    // jslint-hack","                    String(match0);","                    switch (match1) {","                    case 'npm_package_description':","                        return 'the greatest app in the world!';","                    case 'npm_package_name':","                        return 'my-app';","                    case 'npm_package_nameAlias':","                        return 'my_app';","                    case 'npm_package_version':","                        return '0.0.1';","                    }","                });","        }","        // run the cli","        if (local.global.utility2_rollup || module !== require.main) {","            break;","        }","        local.assetsDict['/assets.example.js'] =","            local.assetsDict['/assets.example.js'] ||","            local.fs.readFileSync(__filename, 'utf8');","        // bug-workaround - long $npm_package_buildCustomOrg","        /* jslint-ignore-begin */","        local.assetsDict['/assets.npmtest_sendgrid.rollup.js'] =","            local.assetsDict['/assets.npmtest_sendgrid.rollup.js'] ||","            local.fs.readFileSync(","                local.npmtest_sendgrid.__dirname + '/lib.npmtest_sendgrid.js',","                'utf8'","            ).replace((/^#!/), '//');","        /* jslint-ignore-end */","        local.assetsDict['/favicon.ico'] = local.assetsDict['/favicon.ico'] || '';","        // if $npm_config_timeout_exit exists,","        // then exit this process after $npm_config_timeout_exit ms","        if (Number(process.env.npm_config_timeout_exit)) {","            setTimeout(process.exit, Number(process.env.npm_config_timeout_exit));","        }","        // start server","        if (local.global.utility2_serverHttp1) {","            break;","        }","        process.env.PORT = process.env.PORT || '8081';","        console.error('server starting on port ' + process.env.PORT);","        local.http.createServer(function (request, response) {","            request.urlParsed = local.url.parse(request.url);","            if (local.assetsDict[request.urlParsed.pathname] !== undefined) {","                response.end(local.assetsDict[request.urlParsed.pathname]);","                return;","            }","            response.statusCode = 404;","            response.end();","        }).listen(process.env.PORT);","        break;","    }","}());",""],"l":{"26":2,"28":2,"33":2,"35":2,"37":2,"38":2,"39":2,"44":1,"51":2,"55":2,"59":2,"61":2,"69":1,"70":2,"76":2,"79":2,"82":2,"83":2,"85":1,"89":2,"92":1,"93":1,"94":1,"96":1,"97":1,"100":1,"101":1,"103":1,"106":1,"108":2,"114":1,"116":1,"118":1,"123":1,"124":2,"125":2,"126":3,"127":3,"128":3,"129":3,"130":1,"133":3,"134":3,"139":3,"143":1,"144":3,"145":1,"149":1,"150":1,"158":1,"160":1,"161":1,"162":1,"164":1,"166":1,"258":1,"259":1,"271":1,"274":6,"275":6,"277":1,"279":2,"281":1,"283":2,"288":1,"289":1,"291":1,"296":1,"303":1,"306":1,"307":1,"310":1,"311":1,"313":1,"314":1,"315":1,"316":1,"317":1,"318":1,"319":1,"321":1,"322":1,"324":1}},"/home/travis/build/npmtest/node-npmtest-sendgrid/node_modules/sendgrid/index.js":{"path":"/home/travis/build/npmtest/node-npmtest-sendgrid/node_modules/sendgrid/index.js","s":{"1":1,"2":1,"3":1,"4":1},"b":{},"f":{},"fnMap":{},"statementMap":{"1":{"start":{"line":1,"column":0},"end":{"line":1,"column":53}},"2":{"start":{"line":2,"column":0},"end":{"line":2,"column":53}},"3":{"start":{"line":3,"column":0},"end":{"line":3,"column":81}},"4":{"start":{"line":4,"column":0},"end":{"line":4,"column":58}}},"branchMap":{},"code":["exports = module.exports = require('./lib/sendgrid');","exports.mail = require('./lib/helpers/mail/mail.js');","exports.importer = require('./lib/helpers/contact-importer/contact-importer.js');","exports.parse = require('./lib/helpers/inbound/parse.js');",""],"l":{"1":1,"2":1,"3":1,"4":1}},"/home/travis/build/npmtest/node-npmtest-sendgrid/node_modules/sendgrid/lib/sendgrid.js":{"path":"/home/travis/build/npmtest/node-npmtest-sendgrid/node_modules/sendgrid/lib/sendgrid.js","s":{"1":1,"2":1,"3":1,"4":1,"5":1,"6":1,"7":0,"8":1,"9":0,"10":0,"11":0,"12":0,"13":0,"14":0,"15":1,"16":0,"17":0,"18":0,"19":0,"20":0,"21":0,"22":0,"23":0,"24":0,"25":0,"26":0,"27":1,"28":0,"29":1,"30":0,"31":0,"32":1,"33":0,"34":0,"35":0,"36":0,"37":0,"38":0,"39":0,"40":0,"41":0,"42":0,"43":0,"44":0,"45":0,"46":0,"47":0,"48":0,"49":0,"50":0,"51":0,"52":0,"53":0,"54":0,"55":0,"56":1,"57":1,"58":1,"59":0,"60":1},"b":{"1":[0,0,0,0],"2":[0,0],"3":[0,0],"4":[0,0],"5":[0,0],"6":[0,0],"7":[0,0],"8":[0,0],"9":[0,0],"10":[0,0],"11":[0,0],"12":[0,0],"13":[0,0],"14":[0,0],"15":[0,0],"16":[1,0]},"f":{"1":0,"2":0,"3":0,"4":0,"5":0,"6":0,"7":0,"8":0,"9":0},"fnMap":{"1":{"name":"isValidResponse","line":16,"loc":{"start":{"line":16,"column":0},"end":{"line":16,"column":35}}},"2":{"name":"getEmptyRequest","line":28,"loc":{"start":{"line":28,"column":0},"end":{"line":28,"column":31}}},"3":{"name":"makeHeaders","line":43,"loc":{"start":{"line":43,"column":0},"end":{"line":43,"column":44}}},"4":{"name":"SendGrid","line":66,"loc":{"start":{"line":66,"column":0},"end":{"line":66,"column":47}}},"5":{"name":"SendGridInstance","line":73,"loc":{"start":{"line":73,"column":0},"end":{"line":73,"column":55}}},"6":{"name":"(anonymous_6)","line":85,"loc":{"start":{"line":85,"column":33},"end":{"line":85,"column":61}}},"7":{"name":"(anonymous_7)","line":93,"loc":{"start":{"line":93,"column":32},"end":{"line":93,"column":58}}},"8":{"name":"(anonymous_8)","line":94,"loc":{"start":{"line":94,"column":31},"end":{"line":94,"column":50}}},"9":{"name":"(anonymous_9)","line":113,"loc":{"start":{"line":113,"column":27},"end":{"line":113,"column":46}}}},"statementMap":{"1":{"start":{"line":7,"column":0},"end":{"line":7,"column":39}},"2":{"start":{"line":8,"column":0},"end":{"line":8,"column":44}},"3":{"start":{"line":9,"column":0},"end":{"line":9,"column":45}},"4":{"start":{"line":10,"column":0},"end":{"line":10,"column":33}},"5":{"start":{"line":11,"column":0},"end":{"line":11,"column":47}},"6":{"start":{"line":16,"column":0},"end":{"line":23,"column":1}},"7":{"start":{"line":17,"column":2},"end":{"line":22,"column":4}},"8":{"start":{"line":28,"column":0},"end":{"line":38,"column":1}},"9":{"start":{"line":29,"column":2},"end":{"line":29,"column":57}},"10":{"start":{"line":30,"column":2},"end":{"line":36,"column":3}},"11":{"start":{"line":31,"column":4},"end":{"line":35,"column":5}},"12":{"start":{"line":32,"column":6},"end":{"line":34,"column":7}},"13":{"start":{"line":33,"column":8},"end":{"line":33,"column":61}},"14":{"start":{"line":37,"column":2},"end":{"line":37,"column":17}},"15":{"start":{"line":43,"column":0},"end":{"line":61,"column":1}},"16":{"start":{"line":44,"column":2},"end":{"line":44,"column":19}},"17":{"start":{"line":45,"column":2},"end":{"line":45,"column":54}},"18":{"start":{"line":46,"column":2},"end":{"line":46,"column":41}},"19":{"start":{"line":47,"column":2},"end":{"line":47,"column":64}},"20":{"start":{"line":48,"column":2},"end":{"line":59,"column":3}},"21":{"start":{"line":49,"column":4},"end":{"line":58,"column":5}},"22":{"start":{"line":50,"column":6},"end":{"line":57,"column":7}},"23":{"start":{"line":52,"column":8},"end":{"line":56,"column":9}},"24":{"start":{"line":53,"column":10},"end":{"line":55,"column":11}},"25":{"start":{"line":54,"column":12},"end":{"line":54,"column":51}},"26":{"start":{"line":60,"column":2},"end":{"line":60,"column":17}},"27":{"start":{"line":66,"column":0},"end":{"line":68,"column":1}},"28":{"start":{"line":67,"column":2},"end":{"line":67,"column":59}},"29":{"start":{"line":73,"column":0},"end":{"line":82,"column":1}},"30":{"start":{"line":75,"column":2},"end":{"line":78,"column":5}},"31":{"start":{"line":81,"column":2},"end":{"line":81,"column":47}},"32":{"start":{"line":85,"column":0},"end":{"line":128,"column":2}},"33":{"start":{"line":86,"column":2},"end":{"line":86,"column":18}},"34":{"start":{"line":89,"column":2},"end":{"line":110,"column":3}},"35":{"start":{"line":90,"column":4},"end":{"line":92,"column":5}},"36":{"start":{"line":91,"column":6},"end":{"line":91,"column":59}},"37":{"start":{"line":93,"column":4},"end":{"line":109,"column":7}},"38":{"start":{"line":94,"column":6},"end":{"line":108,"column":9}},"39":{"start":{"line":95,"column":8},"end":{"line":99,"column":9}},"40":{"start":{"line":96,"column":10},"end":{"line":96,"column":84}},"41":{"start":{"line":98,"column":10},"end":{"line":98,"column":26}},"42":{"start":{"line":100,"column":8},"end":{"line":107,"column":9}},"43":{"start":{"line":101,"column":10},"end":{"line":101,"column":28}},"44":{"start":{"line":104,"column":10},"end":{"line":104,"column":58}},"45":{"start":{"line":105,"column":10},"end":{"line":105,"column":36}},"46":{"start":{"line":106,"column":10},"end":{"line":106,"column":24}},"47":{"start":{"line":113,"column":2},"end":{"line":127,"column":5}},"48":{"start":{"line":114,"column":4},"end":{"line":118,"column":5}},"49":{"start":{"line":115,"column":6},"end":{"line":115,"column":80}},"50":{"start":{"line":117,"column":6},"end":{"line":117,"column":24}},"51":{"start":{"line":119,"column":4},"end":{"line":126,"column":5}},"52":{"start":{"line":120,"column":6},"end":{"line":120,"column":31}},"53":{"start":{"line":123,"column":6},"end":{"line":123,"column":54}},"54":{"start":{"line":124,"column":6},"end":{"line":124,"column":32}},"55":{"start":{"line":125,"column":6},"end":{"line":125,"column":32}},"56":{"start":{"line":131,"column":0},"end":{"line":131,"column":58}},"57":{"start":{"line":134,"column":0},"end":{"line":139,"column":1}},"58":{"start":{"line":135,"column":2},"end":{"line":135,"column":29}},"59":{"start":{"line":138,"column":2},"end":{"line":138,"column":26}},"60":{"start":{"line":142,"column":0},"end":{"line":142,"column":26}}},"branchMap":{"1":{"line":18,"type":"binary-expr","locations":[{"start":{"line":18,"column":4},"end":{"line":18,"column":12}},{"start":{"line":19,"column":4},"end":{"line":19,"column":23}},{"start":{"line":20,"column":4},"end":{"line":20,"column":30}},{"start":{"line":21,"column":4},"end":{"line":21,"column":30}}]},"2":{"line":30,"type":"if","locations":[{"start":{"line":30,"column":2},"end":{"line":30,"column":2}},{"start":{"line":30,"column":2},"end":{"line":30,"column":2}}]},"3":{"line":30,"type":"binary-expr","locations":[{"start":{"line":30,"column":6},"end":{"line":30,"column":10}},{"start":{"line":30,"column":14},"end":{"line":30,"column":38}}]},"4":{"line":32,"type":"if","locations":[{"start":{"line":32,"column":6},"end":{"line":32,"column":6}},{"start":{"line":32,"column":6},"end":{"line":32,"column":6}}]},"5":{"line":48,"type":"if","locations":[{"start":{"line":48,"column":2},"end":{"line":48,"column":2}},{"start":{"line":48,"column":2},"end":{"line":48,"column":2}}]},"6":{"line":50,"type":"if","locations":[{"start":{"line":50,"column":6},"end":{"line":50,"column":6}},{"start":{"line":50,"column":6},"end":{"line":50,"column":6}}]},"7":{"line":50,"type":"binary-expr","locations":[{"start":{"line":50,"column":10},"end":{"line":50,"column":43}},{"start":{"line":51,"column":8},"end":{"line":51,"column":46}}]},"8":{"line":53,"type":"if","locations":[{"start":{"line":53,"column":10},"end":{"line":53,"column":10}},{"start":{"line":53,"column":10},"end":{"line":53,"column":10}}]},"9":{"line":76,"type":"binary-expr","locations":[{"start":{"line":76,"column":10},"end":{"line":76,"column":14}},{"start":{"line":76,"column":18},"end":{"line":76,"column":36}}]},"10":{"line":89,"type":"if","locations":[{"start":{"line":89,"column":2},"end":{"line":89,"column":2}},{"start":{"line":89,"column":2},"end":{"line":89,"column":2}}]},"11":{"line":90,"type":"if","locations":[{"start":{"line":90,"column":4},"end":{"line":90,"column":4}},{"start":{"line":90,"column":4},"end":{"line":90,"column":4}}]},"12":{"line":96,"type":"cond-expr","locations":[{"start":{"line":96,"column":42},"end":{"line":96,"column":67}},{"start":{"line":96,"column":70},"end":{"line":96,"column":83}}]},"13":{"line":100,"type":"if","locations":[{"start":{"line":100,"column":8},"end":{"line":100,"column":8}},{"start":{"line":100,"column":8},"end":{"line":100,"column":8}}]},"14":{"line":115,"type":"cond-expr","locations":[{"start":{"line":115,"column":38},"end":{"line":115,"column":63}},{"start":{"line":115,"column":66},"end":{"line":115,"column":79}}]},"15":{"line":119,"type":"if","locations":[{"start":{"line":119,"column":4},"end":{"line":119,"column":4}},{"start":{"line":119,"column":4},"end":{"line":119,"column":4}}]},"16":{"line":134,"type":"if","locations":[{"start":{"line":134,"column":0},"end":{"line":134,"column":0}},{"start":{"line":134,"column":0},"end":{"line":134,"column":0}}]}},"code":["/* eslint dot-notation: 'off' */","'use strict';","","/**"," * Dependencies"," */","var pkg = require('./../package.json');","var sendgridRest = require('sendgrid-rest');","var emptyRequest = sendgridRest.emptyRequest;","var Client = sendgridRest.Client;","var SendGridError = require('./helpers/error');","","/**"," * Helper to check if response is valid"," */","function isValidResponse(response) {","  return (","    response &&","    response.statusCode &&","    response.statusCode >= 200 &&","    response.statusCode <= 299","  );","}","","/**"," * Helper to get a new empty request"," */","function getEmptyRequest(data) {","  var request = JSON.parse(JSON.stringify(emptyRequest));","  if (data && typeof data === 'object') {","    for (var key in data) {","      if (data.hasOwnProperty(key)) {","        request[key] = JSON.parse(JSON.stringify(data[key]));","      }","    }","  }","  return request;","}","","/**"," * Helper to make headers"," */","function makeHeaders(apiKey, globalHeaders) {","  var headers = {};","  headers['Authorization'] = 'Bearer '.concat(apiKey);","  headers['Accept'] = 'application/json';","  headers['User-Agent'] = 'sendgrid/' + pkg.version + ';nodejs';","  if (globalHeaders) {","    for (var obj in globalHeaders) {","      if (globalHeaders.hasOwnProperty(obj) &&","        typeof globalHeaders[obj] === 'object') {","        for (var key in globalHeaders[obj]) {","          if (globalHeaders[obj].hasOwnProperty(key)) {","            headers[key] = globalHeaders[obj][key];","          }","        }","      }","    }","  }","  return headers;","}","","/**"," * SendGrid allows for quick and easy access to the v3 Web API"," */","function SendGrid(apiKey, host, globalHeaders) {","  return new SendGridInstance(apiKey, host, globalHeaders);","}","","/**"," * SendGrid allows for quick and easy access to the v3 Web API"," */","function SendGridInstance(apiKey, host, globalHeaders) {","  //Create global request","  this.globalRequest = getEmptyRequest({","    host: host || 'api.sendgrid.com',","    headers: makeHeaders(apiKey, globalHeaders),","  });","","  //Initialize new client","  this.client = new Client(this.globalRequest);","}","","//Interact with the API with this function","SendGridInstance.prototype.API = function(request, callback) {","  var self = this;","","  //If no callback provided, we will return a promise","  if (!callback) {","    if (!SendGrid.Promise) {","      throw new SendGridError('Promise API not supported');","    }","    return new SendGrid.Promise(function(resolve, reject) {","      self.client.API(request, function(response) {","        try {","          response.body = response.body ? JSON.parse(response.body) : response.body;","        } catch (e) {","          return reject(e)","        }","        if (isValidResponse(response)) {","          resolve(response);","        }","        else {","          var error = new SendGridError('Response error');","          error.response = response;","          reject(error);","        }","      });","    });","  }","","  //Use callback","  self.client.API(request, function(response) {","    try {","      response.body = response.body ? JSON.parse(response.body) : response.body;","    } catch (e) {","      return callback(e)","    }","    if (isValidResponse(response)) {","      callback(null, response);","    }","    else {","      var error = new SendGridError('Response error');","      error.response = response;","      callback(error, response);","    }","  });","};","","//Set requests","SendGridInstance.prototype.emptyRequest = getEmptyRequest;","","//Try to use native promises by default","if (typeof Promise !== 'undefined') {","  SendGrid.Promise = Promise;","}","else {","  SendGrid.Promise = null;","}","","//Export","module.exports = SendGrid;",""],"l":{"7":1,"8":1,"9":1,"10":1,"11":1,"16":1,"17":0,"28":1,"29":0,"30":0,"31":0,"32":0,"33":0,"37":0,"43":1,"44":0,"45":0,"46":0,"47":0,"48":0,"49":0,"50":0,"52":0,"53":0,"54":0,"60":0,"66":1,"67":0,"73":1,"75":0,"81":0,"85":1,"86":0,"89":0,"90":0,"91":0,"93":0,"94":0,"95":0,"96":0,"98":0,"100":0,"101":0,"104":0,"105":0,"106":0,"113":0,"114":0,"115":0,"117":0,"119":0,"120":0,"123":0,"124":0,"125":0,"131":1,"134":1,"135":1,"138":0,"142":1}},"/home/travis/build/npmtest/node-npmtest-sendgrid/node_modules/sendgrid-rest/lib/client.js":{"path":"/home/travis/build/npmtest/node-npmtest-sendgrid/node_modules/sendgrid-rest/lib/client.js","s":{"1":1,"2":1,"3":1,"4":1,"5":1,"6":1,"7":1,"8":0,"9":0,"10":0,"11":0,"12":1,"13":0,"14":0,"15":0,"16":0,"17":1,"18":0,"19":0,"20":0,"21":1,"22":0,"23":0,"24":0,"25":0,"26":0,"27":0,"28":0,"29":0,"30":0,"31":0,"32":0,"33":0,"34":0,"35":0,"36":0,"37":0,"38":0,"39":0,"40":0,"41":0,"42":0,"43":0,"44":0,"45":0,"46":0,"47":0,"48":0,"49":0,"50":0,"51":0,"52":0,"53":0,"54":0,"55":0,"56":0,"57":0,"58":0,"59":1},"b":{"1":[0,0],"2":[0,0],"3":[0,0],"4":[0,0],"5":[0,0],"6":[0,0],"7":[0,0],"8":[0,0]},"f":{"1":0,"2":0,"3":0,"4":0,"5":0,"6":0,"7":0,"8":0,"9":0,"10":0},"fnMap":{"1":{"name":"Client","line":30,"loc":{"start":{"line":30,"column":0},"end":{"line":30,"column":32}}},"2":{"name":"(anonymous_2)","line":35,"loc":{"start":{"line":35,"column":22},"end":{"line":35,"column":34}}},"3":{"name":"isEmpty","line":40,"loc":{"start":{"line":40,"column":2},"end":{"line":40,"column":25}}},"4":{"name":"buildPath","line":50,"loc":{"start":{"line":50,"column":2},"end":{"line":50,"column":45}}},"5":{"name":"buildRequest","line":56,"loc":{"start":{"line":56,"column":2},"end":{"line":56,"column":57}}},"6":{"name":"(anonymous_6)","line":84,"loc":{"start":{"line":84,"column":13},"end":{"line":84,"column":50}}},"7":{"name":"(anonymous_7)","line":94,"loc":{"start":{"line":94,"column":52},"end":{"line":94,"column":76}}},"8":{"name":"(anonymous_8)","line":98,"loc":{"start":{"line":98,"column":30},"end":{"line":98,"column":47}}},"9":{"name":"(anonymous_9)","line":103,"loc":{"start":{"line":103,"column":29},"end":{"line":103,"column":41}}},"10":{"name":"(anonymous_10)","line":112,"loc":{"start":{"line":112,"column":28},"end":{"line":112,"column":41}}}},"statementMap":{"1":{"start":{"line":3,"column":0},"end":{"line":3,"column":28}},"2":{"start":{"line":4,"column":0},"end":{"line":4,"column":26}},"3":{"start":{"line":5,"column":0},"end":{"line":5,"column":40}},"4":{"start":{"line":8,"column":0},"end":{"line":17,"column":1}},"5":{"start":{"line":19,"column":0},"end":{"line":19,"column":54}},"6":{"start":{"line":23,"column":0},"end":{"line":27,"column":1}},"7":{"start":{"line":30,"column":0},"end":{"line":132,"column":1}},"8":{"start":{"line":31,"column":2},"end":{"line":31,"column":58}},"9":{"start":{"line":32,"column":2},"end":{"line":32,"column":15}},"10":{"start":{"line":35,"column":2},"end":{"line":37,"column":3}},"11":{"start":{"line":36,"column":4},"end":{"line":36,"column":46}},"12":{"start":{"line":40,"column":2},"end":{"line":47,"column":3}},"13":{"start":{"line":41,"column":4},"end":{"line":45,"column":5}},"14":{"start":{"line":42,"column":6},"end":{"line":44,"column":7}},"15":{"start":{"line":43,"column":8},"end":{"line":43,"column":20}},"16":{"start":{"line":46,"column":4},"end":{"line":46,"column":15}},"17":{"start":{"line":50,"column":2},"end":{"line":54,"column":3}},"18":{"start":{"line":51,"column":4},"end":{"line":51,"column":35}},"19":{"start":{"line":52,"column":4},"end":{"line":52,"column":65}},"20":{"start":{"line":53,"column":4},"end":{"line":53,"column":14}},"21":{"start":{"line":56,"column":2},"end":{"line":81,"column":3}},"22":{"start":{"line":57,"column":4},"end":{"line":57,"column":59}},"23":{"start":{"line":58,"column":4},"end":{"line":58,"column":61}},"24":{"start":{"line":59,"column":4},"end":{"line":59,"column":43}},"25":{"start":{"line":62,"column":4},"end":{"line":64,"column":28}},"26":{"start":{"line":67,"column":4},"end":{"line":71,"column":5}},"27":{"start":{"line":68,"column":6},"end":{"line":70,"column":7}},"28":{"start":{"line":69,"column":8},"end":{"line":69,"column":69}},"29":{"start":{"line":74,"column":4},"end":{"line":78,"column":5}},"30":{"start":{"line":75,"column":6},"end":{"line":75,"column":49}},"31":{"start":{"line":76,"column":6},"end":{"line":76,"column":65}},"32":{"start":{"line":77,"column":6},"end":{"line":77,"column":58}},"33":{"start":{"line":80,"column":4},"end":{"line":80,"column":18}},"34":{"start":{"line":84,"column":2},"end":{"line":129,"column":3}},"35":{"start":{"line":85,"column":4},"end":{"line":85,"column":62}},"36":{"start":{"line":87,"column":4},"end":{"line":92,"column":5}},"37":{"start":{"line":88,"column":6},"end":{"line":88,"column":29}},"38":{"start":{"line":89,"column":6},"end":{"line":89,"column":41}},"39":{"start":{"line":91,"column":6},"end":{"line":91,"column":30}},"40":{"start":{"line":94,"column":4},"end":{"line":110,"column":6}},"41":{"start":{"line":95,"column":6},"end":{"line":95,"column":27}},"42":{"start":{"line":98,"column":6},"end":{"line":100,"column":8}},"43":{"start":{"line":99,"column":8},"end":{"line":99,"column":29}},"44":{"start":{"line":103,"column":6},"end":{"line":109,"column":8}},"45":{"start":{"line":104,"column":8},"end":{"line":104,"column":64}},"46":{"start":{"line":105,"column":8},"end":{"line":105,"column":53}},"47":{"start":{"line":106,"column":8},"end":{"line":106,"column":36}},"48":{"start":{"line":107,"column":8},"end":{"line":107,"column":47}},"49":{"start":{"line":108,"column":8},"end":{"line":108,"column":26}},"50":{"start":{"line":112,"column":4},"end":{"line":121,"column":6}},"51":{"start":{"line":113,"column":6},"end":{"line":113,"column":62}},"52":{"start":{"line":114,"column":6},"end":{"line":114,"column":47}},"53":{"start":{"line":115,"column":6},"end":{"line":119,"column":8}},"54":{"start":{"line":120,"column":6},"end":{"line":120,"column":24}},"55":{"start":{"line":124,"column":4},"end":{"line":126,"column":5}},"56":{"start":{"line":125,"column":6},"end":{"line":125,"column":29}},"57":{"start":{"line":128,"column":4},"end":{"line":128,"column":21}},"58":{"start":{"line":131,"column":2},"end":{"line":131,"column":13}},"59":{"start":{"line":134,"column":0},"end":{"line":139,"column":1}}},"branchMap":{"1":{"line":42,"type":"if","locations":[{"start":{"line":42,"column":6},"end":{"line":42,"column":6}},{"start":{"line":42,"column":6},"end":{"line":42,"column":6}}]},"2":{"line":58,"type":"binary-expr","locations":[{"start":{"line":58,"column":19},"end":{"line":58,"column":39}},{"start":{"line":58,"column":43},"end":{"line":58,"column":61}}]},"3":{"line":62,"type":"cond-expr","locations":[{"start":{"line":63,"column":8},"end":{"line":63,"column":68}},{"start":{"line":64,"column":8},"end":{"line":64,"column":28}}]},"4":{"line":67,"type":"if","locations":[{"start":{"line":67,"column":4},"end":{"line":67,"column":4}},{"start":{"line":67,"column":4},"end":{"line":67,"column":4}}]},"5":{"line":74,"type":"if","locations":[{"start":{"line":74,"column":4},"end":{"line":74,"column":4}},{"start":{"line":74,"column":4},"end":{"line":74,"column":4}}]},"6":{"line":87,"type":"if","locations":[{"start":{"line":87,"column":4},"end":{"line":87,"column":4}},{"start":{"line":87,"column":4},"end":{"line":87,"column":4}}]},"7":{"line":114,"type":"binary-expr","locations":[{"start":{"line":114,"column":28},"end":{"line":114,"column":40}},{"start":{"line":114,"column":44},"end":{"line":114,"column":47}}]},"8":{"line":124,"type":"if","locations":[{"start":{"line":124,"column":4},"end":{"line":124,"column":4}},{"start":{"line":124,"column":4},"end":{"line":124,"column":4}}]}},"code":["'use strict'","","var https = require('https')","var http = require('http')","var queryString = require('querystring')","","// request holds the request to an API Call","var request = {","  host: '',","  method: '',","  path: '',","  headers: {},","  body: {},","  queryParams: {},","  test: false, // use this to allow for http calls","  port: ''     // set the port for http calls","}","","var emptyRequest = JSON.parse(JSON.stringify(request))","","// response holds the response from an API call, use this as an initializer","// like so: JSON.parse(JSON.stringify(response))","var response = {","  'statusCode': '',","  'body': {},","  'headers': {}","}","","// Client allows for quick and easy access any REST or REST-like API.","function Client (globalRequest) {","  var emptyResponse = JSON.parse(JSON.stringify(response))","  var body = ''","","  // utility function to create an empty request object","  this.emptyRequest = function () {","    return JSON.parse(JSON.stringify(request))","  }","","  // utility function to detect empty objects","  function isEmpty (obj) {","    for (var key in obj) {","      if (obj.hasOwnProperty(key)) {","        return false","      }","    }","    return true","  }","","  // add query paramaters to a URL","  function buildPath (basePath, queryParams) {","    basePath = basePath.concat('?')","    var url = basePath.concat(queryString.stringify(queryParams))","    return url","  }","","  function buildRequest (globalRequest, endpointRequest) {","    var request = JSON.parse(JSON.stringify(globalRequest))","    request.host = endpointRequest.host || globalRequest.host","    request.method = endpointRequest.method","","    // build URL","    request.path = !isEmpty(endpointRequest.queryParams)","      ? buildPath(endpointRequest.path, endpointRequest.queryParams)","      : endpointRequest.path","","    // add headers","    if (!isEmpty(endpointRequest.headers)) {","      for (var attrname in endpointRequest.headers) {","        request.headers[attrname] = endpointRequest.headers[attrname]","      }","    }","","    // add the request body's content length","    if (!isEmpty(endpointRequest.body)) {","      body = JSON.stringify(endpointRequest.body)","      request.headers['Content-Length'] = Buffer.byteLength(body)","      request.headers['Content-Type'] = 'application/json'","    }","","    return request","  }","","  // API is the main interface to the API.","  this.API = function (endpointRequest, callback) {","    var request = buildRequest(globalRequest, endpointRequest)","","    if ( endpointRequest.test == true ) {","      var http_request = http","      request.port = endpointRequest.port","    } else {","      var http_request = https","    }","","    var httpRequest = http_request.request(request, function (httpResponse) {","      var responseBody = ''","","      // cature the response from the API","      httpResponse.on('data', function (chunk) {","        responseBody += chunk","      })","","      // after the call is complete, build the response object","      httpResponse.on('end', function () {","        var response = JSON.parse(JSON.stringify(emptyResponse))","        response.statusCode = httpResponse.statusCode","        response.body = responseBody","        response.headers = httpResponse.headers","        callback(response)","      })","    })","","    httpRequest.on('error', function (e) {","      var response = JSON.parse(JSON.stringify(emptyResponse))","      response.statusCode = e.statusCode || 500","      response.body = JSON.stringify({","        message: e.message,","        name: e.name,","        stack: e.stack,","      })","      callback(response)","    })","","    // if thre is a request body, sent it","    if (!isEmpty(endpointRequest.body)) {","      httpRequest.write(body)","    }","","    httpRequest.end()","  }","","  return this","}","","module.exports =","{","  Client: Client,","  request: request,","  emptyRequest: emptyRequest","}",""],"l":{"3":1,"4":1,"5":1,"8":1,"19":1,"23":1,"30":1,"31":0,"32":0,"35":0,"36":0,"40":1,"41":0,"42":0,"43":0,"46":0,"50":1,"51":0,"52":0,"53":0,"56":1,"57":0,"58":0,"59":0,"62":0,"67":0,"68":0,"69":0,"74":0,"75":0,"76":0,"77":0,"80":0,"84":0,"85":0,"87":0,"88":0,"89":0,"91":0,"94":0,"95":0,"98":0,"99":0,"103":0,"104":0,"105":0,"106":0,"107":0,"108":0,"112":0,"113":0,"114":0,"115":0,"120":0,"124":0,"125":0,"128":0,"131":0,"134":1}},"/home/travis/build/npmtest/node-npmtest-sendgrid/node_modules/sendgrid/lib/helpers/error.js":{"path":"/home/travis/build/npmtest/node-npmtest-sendgrid/node_modules/sendgrid/lib/helpers/error.js","s":{"1":1,"2":0,"3":0,"4":0,"5":0,"6":1,"7":1,"8":1,"9":1},"b":{"1":[0,0]},"f":{"1":0},"fnMap":{"1":{"name":"SendGridError","line":4,"loc":{"start":{"line":4,"column":0},"end":{"line":4,"column":32}}}},"statementMap":{"1":{"start":{"line":4,"column":0},"end":{"line":12,"column":1}},"2":{"start":{"line":5,"column":2},"end":{"line":5,"column":25}},"3":{"start":{"line":6,"column":2},"end":{"line":11,"column":3}},"4":{"start":{"line":7,"column":4},"end":{"line":7,"column":52}},"5":{"start":{"line":10,"column":4},"end":{"line":10,"column":37}},"6":{"start":{"line":15,"column":0},"end":{"line":15,"column":38}},"7":{"start":{"line":16,"column":0},"end":{"line":16,"column":52}},"8":{"start":{"line":17,"column":0},"end":{"line":17,"column":47}},"9":{"start":{"line":20,"column":0},"end":{"line":20,"column":31}}},"branchMap":{"1":{"line":6,"type":"if","locations":[{"start":{"line":6,"column":2},"end":{"line":6,"column":2}},{"start":{"line":6,"column":2},"end":{"line":6,"column":2}}]}},"code":["'use strict';","","//Error constructor","function SendGridError(message) {","  this.message = message;","  if (Error.captureStackTrace) {","    Error.captureStackTrace(this, this.constructor);","  }","  else {","    this.stack = (new Error()).stack;","  }","}","","//Extend prototype","SendGridError.prototype = new Error();","SendGridError.prototype.constructor = SendGridError;","SendGridError.prototype.name = 'SendGridError';","","//Export","module.exports = SendGridError;",""],"l":{"4":1,"5":0,"6":0,"7":0,"10":0,"15":1,"16":1,"17":1,"20":1}},"/home/travis/build/npmtest/node-npmtest-sendgrid/node_modules/sendgrid/lib/helpers/mail/mail.js":{"path":"/home/travis/build/npmtest/node-npmtest-sendgrid/node_modules/sendgrid/lib/helpers/mail/mail.js","s":{"1":1,"2":0,"3":0,"4":0,"5":0,"6":0,"7":0,"8":0,"9":0,"10":0,"11":0,"12":0,"13":0,"14":0,"15":0,"16":1,"17":0,"18":0,"19":0,"20":0,"21":0,"22":0,"23":0,"24":0,"25":0,"26":0,"27":0,"28":0,"29":0,"30":0,"31":1,"32":0,"33":0,"34":0,"35":0,"36":0,"37":0,"38":0,"39":0,"40":0,"41":0,"42":0,"43":0,"44":0,"45":0,"46":0,"47":0,"48":0,"49":0,"50":0,"51":0,"52":0,"53":0,"54":0,"55":0,"56":1,"57":0,"58":0,"59":0,"60":0,"61":0,"62":0,"63":0,"64":0,"65":0,"66":0,"67":0,"68":0,"69":0,"70":0,"71":0,"72":0,"73":0,"74":0,"75":0,"76":0,"77":0,"78":0,"79":0,"80":0,"81":0,"82":0,"83":0,"84":0,"85":0,"86":0,"87":0,"88":0,"89":0,"90":0,"91":1,"92":0,"93":0,"94":0,"95":0,"96":0,"97":0,"98":0,"99":0,"100":0,"101":0,"102":0,"103":0,"104":0,"105":0,"106":0,"107":0,"108":0,"109":0,"110":0,"111":0,"112":0,"113":0,"114":0,"115":0,"116":1,"117":0,"118":0,"119":0,"120":0,"121":0,"122":0,"123":0,"124":0,"125":0,"126":0,"127":0,"128":0,"129":0,"130":0,"131":1,"132":0,"133":0,"134":0,"135":1,"136":0,"137":0,"138":0,"139":0,"140":0,"141":0,"142":0,"143":0,"144":0,"145":0,"146":0,"147":0,"148":0,"149":0,"150":0,"151":0,"152":0,"153":0,"154":0,"155":1,"156":0,"157":0,"158":0,"159":1,"160":0,"161":0,"162":0,"163":0,"164":0,"165":0,"166":0,"167":0,"168":0,"169":0,"170":0,"171":0,"172":0,"173":0,"174":0,"175":0,"176":0,"177":0,"178":0,"179":1,"180":0,"181":0,"182":0,"183":0,"184":0,"185":0,"186":0,"187":0,"188":0,"189":0,"190":0,"191":0,"192":0,"193":0,"194":0,"195":0,"196":0,"197":0,"198":0,"199":0,"200":0,"201":0,"202":0,"203":0,"204":0,"205":0,"206":0,"207":0,"208":0,"209":1,"210":0,"211":0,"212":0,"213":0,"214":0,"215":0,"216":0,"217":0,"218":0,"219":0,"220":0,"221":0,"222":0,"223":0,"224":0,"225":0,"226":0,"227":0,"228":0,"229":0,"230":0,"231":0,"232":0,"233":0,"234":0,"235":0,"236":0,"237":0,"238":0,"239":1,"240":0,"241":0,"242":0,"243":0,"244":1,"245":0,"246":0,"247":0,"248":1,"249":0,"250":0,"251":0,"252":0,"253":0,"254":1,"255":0,"256":0,"257":0,"258":0,"259":0,"260":1,"261":0,"262":0,"263":0,"264":0,"265":0,"266":1,"267":0,"268":0,"269":0,"270":0,"271":0,"272":1,"273":0,"274":0,"275":0,"276":0,"277":0,"278":0,"279":0,"280":0,"281":0,"282":0,"283":0,"284":0,"285":0,"286":0,"287":0,"288":0,"289":0,"290":0,"291":0,"292":0,"293":0,"294":0,"295":0,"296":0,"297":0,"298":0,"299":0,"300":0,"301":0,"302":0,"303":0,"304":0,"305":0,"306":0,"307":0,"308":0,"309":0,"310":0,"311":0,"312":0,"313":0,"314":0,"315":0,"316":0,"317"
[...]
ine":113,"column":42}},"53":{"start":{"line":114,"column":2},"end":{"line":114,"column":26}},"54":{"start":{"line":115,"column":2},"end":{"line":115,"column":44}},"55":{"start":{"line":116,"column":2},"end":{"line":116,"column":22}},"56":{"start":{"line":118,"column":2},"end":{"line":132,"column":7}},"57":{"start":{"line":120,"column":6},"end":{"line":120,"column":42}},"58":{"start":{"line":121,"column":6},"end":{"line":123,"column":34}},"59":{"start":{"line":122,"column":8},"end":{"line":122,"column":47}},"60":{"start":{"line":124,"column":6},"end":{"line":124,"column":38}},"61":{"start":{"line":127,"column":6},"end":{"line":127,"column":36}},"62":{"start":{"line":128,"column":6},"end":{"line":130,"column":34}},"63":{"start":{"line":129,"column":8},"end":{"line":129,"column":47}},"64":{"start":{"line":131,"column":6},"end":{"line":131,"column":29}},"65":{"start":{"line":141,"column":0},"end":{"line":146,"column":2}},"66":{"start":{"line":142,"column":2},"end":{"line":144,"column":3}},"67":{"start":{"line":143,"column":4},"end":{"line":143,"column":44}},"68":{"start":{"line":145,"column":2},"end":{"line":145,"column":45}}},"branchMap":{"1":{"line":13,"type":"binary-expr","locations":[{"start":{"line":13,"column":12},"end":{"line":13,"column":19}},{"start":{"line":13,"column":23},"end":{"line":13,"column":25}}]},"2":{"line":19,"type":"binary-expr","locations":[{"start":{"line":19,"column":19},"end":{"line":19,"column":36}},{"start":{"line":19,"column":40},"end":{"line":19,"column":44}}]},"3":{"line":22,"type":"binary-expr","locations":[{"start":{"line":22,"column":24},"end":{"line":22,"column":46}},{"start":{"line":22,"column":50},"end":{"line":22,"column":51}}]},"4":{"line":25,"type":"binary-expr","locations":[{"start":{"line":25,"column":25},"end":{"line":25,"column":48}},{"start":{"line":25,"column":52},"end":{"line":25,"column":56}}]},"5":{"line":36,"type":"if","locations":[{"start":{"line":36,"column":4},"end":{"line":36,"column":4}},{"start":{"line":36,"column":4},"end":{"line":36,"column":4}}]},"6":{"line":43,"type":"if","locations":[{"start":{"line":43,"column":8},"end":{"line":43,"column":8}},{"start":{"line":43,"column":8},"end":{"line":43,"column":8}}]},"7":{"line":65,"type":"cond-expr","locations":[{"start":{"line":65,"column":31},"end":{"line":65,"column":35}},{"start":{"line":65,"column":38},"end":{"line":65,"column":44}}]},"8":{"line":76,"type":"if","locations":[{"start":{"line":76,"column":4},"end":{"line":76,"column":4}},{"start":{"line":76,"column":4},"end":{"line":76,"column":4}}]},"9":{"line":76,"type":"binary-expr","locations":[{"start":{"line":76,"column":8},"end":{"line":76,"column":39}},{"start":{"line":76,"column":43},"end":{"line":76,"column":63}}]},"10":{"line":81,"type":"if","locations":[{"start":{"line":81,"column":8},"end":{"line":81,"column":8}},{"start":{"line":81,"column":8},"end":{"line":81,"column":8}}]},"11":{"line":142,"type":"if","locations":[{"start":{"line":142,"column":2},"end":{"line":142,"column":2}},{"start":{"line":142,"column":2},"end":{"line":142,"column":2}}]}},"code":["/* eslint dot-notation: 'off' */","'use strict';","","var Bottleneck = require('bottleneck');","var EventEmitter = require('events').EventEmitter;","var chunk = require('lodash.chunk');","var debug = require('debug')('sendgrid');","var util = require('util');","var queue = require('async.queue');","var ensureAsync = require('async.ensureasync');","","var ContactImporter = module.exports = function(sg, options) {","  options = options || {};","  var self = this;","  this.sg = sg;","  this.pendingItems = [];","","  // Number of items to send per batch.","  this.batchSize = options.batchSize || 1500;","","  // Max number of requests per rate limit period.","  this.rateLimitLimit = options.rateLimitLimit || 3;","","  // Length of rate limit period (miliseconds).","  this.rateLimitPeriod = options.rateLimitPeriod || 2000;","","  // Create a throttler that will process no more than `rateLimitLimit` requests every `rateLimitPeriod` ms.","  this.throttle = new Bottleneck(0, 0);","  this.throttle.changeReservoir(this.rateLimitLimit);","","  // Create a queue that wil be used to send batches to the throttler.","  this.queue = queue(ensureAsync(this._worker));","","  // When the last batch is removed from the queue, add any incomplete batches.","  this.queue.empty = function() {","    if (self.pendingItems.length) {","      debug('adding %s items from deferrd queue for processing', self.pendingItems.length);","      var batch = self.pendingItems.splice(0);","      self.queue.push({","        data: batch,","        owner: self,","      }, function(error, result) {","        if (error) {","          return self._notify(error, JSON.parse(error.response.body), batch);","        }","        return self._notify(null, JSON.parse(result.body), batch);","      });","    }","  };","","  // Emit an event when the queue is drained.","  this.queue.drain = function() {","    self.emit('drain');","  };","};","util.inherits(ContactImporter, EventEmitter);","","/**"," *  Add a new contact, or an array of contact, to the end of the queue."," *"," * @param {Array|Object} data A contact or array of contacts."," */","ContactImporter.prototype.push = function(data) {","  var self = this;","  data = Array.isArray(data) ? data : [data];","","  // Add the new items onto the pending items.","  var itemsToProcess = this.pendingItems.concat(data);","","  // Chunk the pending items into batches and add onto the queue","  var batches = chunk(itemsToProcess, this.batchSize);","  debug('generated batches %s from %s items', batches.length, data.length);","","  batches.forEach(function(batch) {","    // If this batch is full or the queue is empty queue it for processing.","    if (batch.length === self.batchSize || !self.queue.length()) {","      self.queue.push({","        data: batch,","        owner: self,","      }, function(error, result) {","        if (error) {","          return self._notify(error, JSON.parse(error.response.body), batch);","        }","        return self._notify(null, JSON.parse(result.body), batch);","      });","    }","    // Otherwise, it store it for later.","    else {","      debug('the last batch with only %s item is deferred (partial batch)', batch.length);","      self.pendingItems = batch;","    }","  });","","  debug('batches in queue: %s', this.queue.length());","  debug('items in deferred queue: %s', this.pendingItems.length);","};","","/**"," * Send a batch of contacts to Sendgrid."," *"," * @param {Object} task Task to be processed (data in 'data' property)"," * @param {Function} callback Callback function."," */","ContactImporter.prototype._worker = function(task, callback) {","  var context = task.owner;","  debug('processing batch (%s items)', task.data.length);","  context.throttle.submit(context._sendBatch, context, task.data, callback);","};","","ContactImporter.prototype._sendBatch = function(context, data, callback) {","  debug('sending batch (%s items)', data.length);","","  var request = context.sg.emptyRequest();","  request.method = 'POST';","  request.path = '/v3/contactdb/recipients';","  request.body = data;","","  context.sg.API(request)","    .then(function(response) {","      debug('got response: %o', response);","      setTimeout(function() {","        context.throttle.incrementReservoir(1);","      }, context.rateLimitPeriod);","      return callback(null, response);","    })","    .catch(function(error) {","      debug('got error, %o', error);","      setTimeout(function() {","        context.throttle.incrementReservoir(1);","      }, context.rateLimitPeriod);","      return callback(error);","    });","};","","/**"," * Emit the result of processing a batch."," *"," * @param {Object} error"," * @param {Object} result"," */","ContactImporter.prototype._notify = function(error, result, batch) {","  if (error) {","    return this.emit('error', error, batch);","  }","  return this.emit('success', result, batch);","};",""],"l":{"4":1,"5":1,"6":1,"7":1,"8":1,"9":1,"10":1,"12":1,"13":0,"14":0,"15":0,"16":0,"19":0,"22":0,"25":0,"28":0,"29":0,"32":0,"35":0,"36":0,"37":0,"38":0,"39":0,"43":0,"44":0,"46":0,"52":0,"53":0,"56":1,"63":1,"64":0,"65":0,"68":0,"71":0,"72":0,"74":0,"76":0,"77":0,"81":0,"82":0,"84":0,"89":0,"90":0,"94":0,"95":0,"104":1,"105":0,"106":0,"107":0,"110":1,"111":0,"113":0,"114":0,"115":0,"116":0,"118":0,"120":0,"121":0,"122":0,"124":0,"127":0,"128":0,"129":0,"131":0,"141":1,"142":0,"143":0,"145":0}},"/home/travis/build/npmtest/node-npmtest-sendgrid/node_modules/sendgrid/lib/helpers/inbound/parse.js":{"path":"/home/travis/build/npmtest/node-npmtest-sendgrid/node_modules/sendgrid/lib/helpers/inbound/parse.js","s":{"1":1,"2":1,"3":1,"4":1,"5":0,"6":0,"7":0,"8":0,"9":0,"10":1,"11":0,"12":0,"13":0,"14":0,"15":1,"16":0,"17":0,"18":0,"19":0,"20":0,"21":0,"22":0,"23":1,"24":0,"25":1,"26":0,"27":0,"28":0,"29":0,"30":0,"31":0,"32":0,"33":1,"34":0,"35":0,"36":0,"37":1,"38":0,"39":0,"40":0,"41":0,"42":0,"43":0,"44":1,"45":0,"46":0,"47":0,"48":0,"49":0,"50":0,"51":0,"52":0,"53":1},"b":{"1":[0,0],"2":[0,0],"3":[0,0],"4":[0,0],"5":[0,0],"6":[0,0],"7":[0,0],"8":[0,0],"9":[0,0],"10":[0,0]},"f":{"1":0,"2":0,"3":0,"4":0,"5":0,"6":0,"7":0,"8":0,"9":0,"10":0},"fnMap":{"1":{"name":"createAttachment","line":13,"loc":{"start":{"line":13,"column":0},"end":{"line":13,"column":32}}},"2":{"name":"Parse","line":30,"loc":{"start":{"line":30,"column":0},"end":{"line":30,"column":32}}},"3":{"name":"(anonymous_3)","line":41,"loc":{"start":{"line":41,"column":28},"end":{"line":41,"column":39}}},"4":{"name":"(anonymous_4)","line":60,"loc":{"start":{"line":60,"column":30},"end":{"line":60,"column":41}}},"5":{"name":"(anonymous_5)","line":68,"loc":{"start":{"line":68,"column":30},"end":{"line":68,"column":49}}},"6":{"name":"(anonymous_6)","line":86,"loc":{"start":{"line":86,"column":30},"end":{"line":86,"column":49}}},"7":{"name":"(anonymous_7)","line":99,"loc":{"start":{"line":99,"column":37},"end":{"line":99,"column":56}}},"8":{"name":"(anonymous_8)","line":100,"loc":{"start":{"line":100,"column":19},"end":{"line":100,"column":41}}},"9":{"name":"(anonymous_9)","line":105,"loc":{"start":{"line":105,"column":50},"end":{"line":105,"column":65}}},"10":{"name":"(anonymous_10)","line":118,"loc":{"start":{"line":118,"column":34},"end":{"line":118,"column":53}}}},"statementMap":{"1":{"start":{"line":3,"column":0},"end":{"line":3,"column":23}},"2":{"start":{"line":4,"column":0},"end":{"line":4,"column":50}},"3":{"start":{"line":5,"column":0},"end":{"line":5,"column":55}},"4":{"start":{"line":13,"column":0},"end":{"line":21,"column":1}},"5":{"start":{"line":14,"column":2},"end":{"line":14,"column":36}},"6":{"start":{"line":16,"column":2},"end":{"line":16,"column":61}},"7":{"start":{"line":17,"column":2},"end":{"line":17,"column":56}},"8":{"start":{"line":18,"column":2},"end":{"line":18,"column":57}},"9":{"start":{"line":20,"column":2},"end":{"line":20,"column":20}},"10":{"start":{"line":30,"column":0},"end":{"line":35,"column":1}},"11":{"start":{"line":31,"column":2},"end":{"line":31,"column":26}},"12":{"start":{"line":32,"column":2},"end":{"line":32,"column":25}},"13":{"start":{"line":33,"column":2},"end":{"line":33,"column":36}},"14":{"start":{"line":34,"column":2},"end":{"line":34,"column":35}},"15":{"start":{"line":41,"column":0},"end":{"line":54,"column":2}},"16":{"start":{"line":42,"column":2},"end":{"line":42,"column":21}},"17":{"start":{"line":43,"column":2},"end":{"line":43,"column":10}},"18":{"start":{"line":45,"column":2},"end":{"line":51,"column":3}},"19":{"start":{"line":46,"column":4},"end":{"line":46,"column":27}},"20":{"start":{"line":48,"column":4},"end":{"line":50,"column":5}},"21":{"start":{"line":49,"column":6},"end":{"line":49,"column":41}},"22":{"start":{"line":53,"column":2},"end":{"line":53,"column":19}},"23":{"start":{"line":60,"column":0},"end":{"line":62,"column":2}},"24":{"start":{"line":61,"column":2},"end":{"line":61,"column":37}},"25":{"start":{"line":68,"column":0},"end":{"line":80,"column":2}},"26":{"start":{"line":69,"column":2},"end":{"line":69,"column":36}},"27":{"start":{"line":70,"column":2},"end":{"line":70,"column":36}},"28":{"start":{"line":72,"column":2},"end":{"line":74,"column":3}},"29":{"start":{"line":73,"column":4},"end":{"line":73,"column":26}},"30":{"start":{"line":76,"column":2},"end":{"line":76,"column":33}},"31":{"start":{"line":78,"column":2},"end":{"line":78,"column":29}},"32":{"start":{"line":79,"column":2},"end":{"line":79,"column":19}},"33":{"start":{"line":86,"column":0},"end":{"line":92,"column":2}},"34":{"start":{"line":87,"column":2},"end":{"line":89,"column":3}},"35":{"start":{"line":88,"column":4},"end":{"line":88,"column":45}},"36":{"start":{"line":91,"column":2},"end":{"line":91,"column":33}},"37":{"start":{"line":99,"column":0},"end":{"line":111,"column":2}},"38":{"start":{"line":100,"column":2},"end":{"line":110,"column":5}},"39":{"start":{"line":101,"column":4},"end":{"line":103,"column":5}},"40":{"start":{"line":102,"column":6},"end":{"line":102,"column":26}},"41":{"start":{"line":105,"column":4},"end":{"line":107,"column":7}},"42":{"start":{"line":106,"column":6},"end":{"line":106,"column":36}},"43":{"start":{"line":109,"column":4},"end":{"line":109,"column":26}},"44":{"start":{"line":118,"column":0},"end":{"line":132,"column":2}},"45":{"start":{"line":119,"column":2},"end":{"line":119,"column":11}},"46":{"start":{"line":120,"column":2},"end":{"line":120,"column":23}},"47":{"start":{"line":122,"column":2},"end":{"line":129,"column":3}},"48":{"start":{"line":123,"column":4},"end":{"line":123,"column":29}},"49":{"start":{"line":125,"column":4},"end":{"line":128,"column":5}},"50":{"start":{"line":126,"column":6},"end":{"line":126,"column":48}},"51":{"start":{"line":127,"column":6},"end":{"line":127,"column":47}},"52":{"start":{"line":131,"column":2},"end":{"line":131,"column":31}},"53":{"start":{"line":134,"column":0},"end":{"line":134,"column":23}}},"branchMap":{"1":{"line":16,"type":"binary-expr","locations":[{"start":{"line":16,"column":25},"end":{"line":16,"column":42}},{"start":{"line":16,"column":46},"end":{"line":16,"column":59}}]},"2":{"line":17,"type":"binary-expr","locations":[{"start":{"line":17,"column":21},"end":{"line":17,"column":34}},{"start":{"line":17,"column":38},"end":{"line":17,"column":54}}]},"3":{"line":33,"type":"binary-expr","locations":[{"start":{"line":33,"column":17},"end":{"line":33,"column":29}},{"start":{"line":33,"column":33},"end":{"line":33,"column":35}}]},"4":{"line":34,"type":"binary-expr","locations":[{"start":{"line":34,"column":15},"end":{"line":34,"column":28}},{"start":{"line":34,"column":32},"end":{"line":34,"column":34}}]},"5":{"line":48,"type":"if","locations":[{"start":{"line":48,"column":4},"end":{"line":48,"column":4}},{"start":{"line":48,"column":4},"end":{"line":48,"column":4}}]},"6":{"line":72,"type":"if","locations":[{"start":{"line":72,"column":2},"end":{"line":72,"column":2}},{"start":{"line":72,"column":2},"end":{"line":72,"column":2}}]},"7":{"line":87,"type":"if","locations":[{"start":{"line":87,"column":2},"end":{"line":87,"column":2}},{"start":{"line":87,"column":2},"end":{"line":87,"column":2}}]},"8":{"line":101,"type":"if","locations":[{"start":{"line":101,"column":4},"end":{"line":101,"column":4}},{"start":{"line":101,"column":4},"end":{"line":101,"column":4}}]},"9":{"line":101,"type":"binary-expr","locations":[{"start":{"line":101,"column":8},"end":{"line":101,"column":20}},{"start":{"line":101,"column":24},"end":{"line":101,"column":48}}]},"10":{"line":125,"type":"if","locations":[{"start":{"line":125,"column":4},"end":{"line":125,"column":4}},{"start":{"line":125,"column":4},"end":{"line":125,"column":4}}]}},"code":["'use strict';","","var fs = require('fs');","var MailParser = require('mailparser').MailParser;","var Attachment = require('../mail/mail.js').Attachment;","","/**"," * Normalises attachment files retrieved from file system or parsed raw email"," *"," * @param {Object} file The file object returned by file system or parsed email"," * @return {Object} A SendGrid Attachment object with the file data"," */","function createAttachment(file) {","  var attachment = new Attachment();","","  attachment.setFilename(file.originalname || file.fileName);","  attachment.setType(file.mimetype || file.contentType);","  attachment.setContent(file.content.toString('base64'));","","  return attachment;","}","","/**"," * Simple class that parses data received from SendGrid Inbound Parse Webhook"," *"," * @constructor"," * @param {Object} config inbound configuration object"," * @param {Object} request request object of the parse webhook payload"," */","function Parse(config, request) {","  this.keys = config.keys;","  this.request = request;","  this.payload = request.body || {};","  this.files = request.files || [];","}","","/**"," * Return an object literal of key/values in the payload received from webhook"," * @return {Object} Valid key/values in the webhook payload"," */","Parse.prototype.keyValues = function() {","  var keyValues = {};","  var key;","","  for (var index in this.keys) {","    key = this.keys[index];","","    if (this.payload[key]) {","      keyValues[key] = this.payload[key];","    }","  }","","  return keyValues;","};","","/**"," * Whether the payload contains the raw email (Only applies to raw payloads)"," * @return {Boolean}"," */","Parse.prototype.hasRawEmail = function() {","  return Boolean(this.payload.email);","};","","/**"," * Parses the raw email and returns the mail object in a callback (Only applies to raw payloads)"," * @param {Function} callback Function which will receive the parsed email object as the sole argument"," */","Parse.prototype.getRawEmail = function(callback) {","  var mailparser = new MailParser();","  var rawEmail = this.payload.email;","","  if (!rawEmail) {","    return callback(null);","  }","","  mailparser.on('end', callback);","","  mailparser.write(rawEmail);","  mailparser.end();","};","","/**"," * Retrieves all attachments received from the webhook payload"," * @param {Function} callback Function which will receive an array, of attachments found, as the sole argument"," */","Parse.prototype.attachments = function(callback) {","  if (this.hasRawEmail()) {","    return this._getAttachmentsRaw(callback);","  }","","  this._getAttachments(callback);","};","","/**"," * Parses raw email to retrieve any encoded attachments (Only applies to raw payloads)"," * @private"," * @param {Function} callback Function which will receive an array, of attachments found, as the sole argument"," */","Parse.prototype._getAttachmentsRaw = function(callback) {","  this.getRawEmail(function(parsedEmail) {","    if (!parsedEmail || !parsedEmail.attachments) {","      return callback([]);","    }","","    var attachments = parsedEmail.attachments.map(function(file) {","      return createAttachment(file);","    });","","    callback(attachments);","  });","};","","/**"," * Retrieves webhook payload files from the file system (Only applies to non raw payloads)"," * @private"," * @param {Function} callback Function which will receive an array, of attachments found, as the sole argument"," */","Parse.prototype._getAttachments = function(callback) {","  var file;","  var attachments = [];","","  for (var index in this.files) {","    file = this.files[index];","","    if (fs.existsSync(file.path)) {","      file.content = fs.readFileSync(file.path);","      attachments.push(createAttachment(file));","    }","  }","","  return callback(attachments);","};","","module.exports = Parse;",""],"l":{"3":1,"4":1,"5":1,"13":1,"14":0,"16":0,"17":0,"18":0,"20":0,"30":1,"31":0,"32":0,"33":0,"34":0,"41":1,"42":0,"43":0,"45":0,"46":0,"48":0,"49":0,"53":0,"60":1,"61":0,"68":1,"69":0,"70":0,"72":0,"73":0,"76":0,"78":0,"79":0,"86":1,"87":0,"88":0,"91":0,"99":1,"100":0,"101":0,"102":0,"105":0,"106":0,"109":0,"118":1,"119":0,"120":0,"122":0,"123":0,"125":0,"126":0,"127":0,"131":0,"134":1}}}